#
# There is insufficient memory for the Java Runtime Environment to continue.
# Native memory allocation (mmap) failed to map 32505856 bytes for Failed to commit area from 0x000000008b800000 to 0x000000008d700000 of length 32505856.
# Possible reasons:
#   The system is out of physical RAM or swap space
#   The process is running with CompressedOops enabled, and the Java Heap may be blocking the growth of the native heap
# Possible solutions:
#   Reduce memory load on the system
#   Increase physical memory or swap space
#   Check if swap backing store is full
#   Decrease Java heap size (-Xmx/-Xms)
#   Decrease number of Java threads
#   Decrease Java thread stack sizes (-Xss)
#   Set larger code cache with -XX:ReservedCodeCacheSize=
#   JVM is running with Unscaled Compressed Oops mode in which the Java heap is
#     placed in the first 4GB address space. The Java Heap base address is the
#     maximum limit for the native heap growth. Please use -XX:HeapBaseMinAddress
#     to set the Java Heap base and to place the Java Heap above 4GB virtual address.
# This output file may be truncated or incomplete.
#
#  Out of Memory Error (./src/hotspot/os/windows/os_windows.cpp:3521), pid=19188, tid=21104
#
# JRE version: OpenJDK Runtime Environment (11.0.12+7) (build 11.0.12+7-b1504.28-7817840)
# Java VM: OpenJDK 64-Bit Server VM (11.0.12+7-b1504.28-7817840, mixed mode, tiered, compressed oops, g1 gc, windows-amd64)
# No core dump will be written. Minidumps are not enabled by default on client versions of Windows
#

---------------  S U M M A R Y ------------

Command Line: org.jetbrains.kotlin.cli.jvm.K2JVMCompiler @C:\Users\admin\AndroidStudioProjects\ConsolatasAppartments\app\build\20220812_13867519587514149994.compiler.options

Host: Intel(R) Core(TM) i5-5300U CPU @ 2.30GHz, 4 cores, 7G,  Windows 10 , 64 bit Build 19041 (10.0.19041.1806)
Time: Fri Aug 12 22:27:19 2022 E. Africa Standard Time elapsed time: 17.788593 seconds (0d 0h 0m 17s)

---------------  T H R E A D  ---------------

Current thread (0x000001da9c694000):  VMThread "VM Thread" [stack: 0x0000008d8fc00000,0x0000008d8fd00000] [id=21104]

Stack: [0x0000008d8fc00000,0x0000008d8fd00000]
[error occurred during error reporting (printing stack bounds), id 0xc0000005, EXCEPTION_ACCESS_VIOLATION (0xc0000005) at pc=0x000001da866b112d]

Native frames: (J=compiled Java code, j=interpreted, Vv=VM code, C=native code)
V  [jvm.dll+0x5fbcea]
V  [jvm.dll+0x731905]
V  [jvm.dll+0x732f1d]
V  [jvm.dll+0x733535]
V  [jvm.dll+0x7334eb]
V  [jvm.dll+0x5fb080]
V  [jvm.dll+0x5fb818]
C  [ntdll.dll+0xa229f]
C  [ntdll.dll+0x51454]
C  [ntdll.dll+0xa0dce]
C  0x000001da866b112d

VM_Operation (0x0000008d8f6fc390): G1CollectForAllocation, mode: safepoint, requested by thread 0x000001da80aac000


---------------  P R O C E S S  ---------------

Threads class SMR info:
_java_thread_list=0x000001daa1d52820, length=11, elements={
0x000001da80aac000, 0x000001da9c6ba800, 0x000001da9c6bb800, 0x000001da9c6d5800,
0x000001da9c6d7800, 0x000001da9c6dc000, 0x000001da9c6e2000, 0x000001da9c6eb800,
0x000001da9c6ee800, 0x000001da9d1aa800, 0x000001daa2e63000
}

Java Threads: ( => current thread )
  0x000001da80aac000 JavaThread "main" [_thread_blocked, id=20184, stack(0x0000008d8f600000,0x0000008d8f700000)]
  0x000001da9c6ba800 JavaThread "Reference Handler" daemon [_thread_blocked, id=19364, stack(0x0000008d8fd00000,0x0000008d8fe00000)]
  0x000001da9c6bb800 JavaThread "Finalizer" daemon [_thread_blocked, id=13372, stack(0x0000008d8fe00000,0x0000008d8ff00000)]
  0x000001da9c6d5800 JavaThread "Signal Dispatcher" daemon [_thread_blocked, id=17808, stack(0x0000008d8ff00000,0x0000008d90000000)]
  0x000001da9c6d7800 JavaThread "Attach Listener" daemon [_thread_blocked, id=3272, stack(0x0000008d90000000,0x0000008d90100000)]
  0x000001da9c6dc000 JavaThread "Service Thread" daemon [_thread_blocked, id=5048, stack(0x0000008d90100000,0x0000008d90200000)]
  0x000001da9c6e2000 JavaThread "C2 CompilerThread0" daemon [_thread_blocked, id=5396, stack(0x0000008d90200000,0x0000008d90300000)]
  0x000001da9c6eb800 JavaThread "C1 CompilerThread0" daemon [_thread_blocked, id=13068, stack(0x0000008d90300000,0x0000008d90400000)]
  0x000001da9c6ee800 JavaThread "Sweeper thread" daemon [_thread_blocked, id=14096, stack(0x0000008d90400000,0x0000008d90500000)]
  0x000001da9d1aa800 JavaThread "Common-Cleaner" daemon [_thread_blocked, id=12372, stack(0x0000008d90600000,0x0000008d90700000)]
  0x000001daa2e63000 JavaThread "C2 CompilerThread1" daemon [_thread_blocked, id=11452, stack(0x0000008d90700000,0x0000008d90800000)]

Other Threads:
=>0x000001da9c694000 VMThread "VM Thread" [stack: 0x0000008d8fc00000,0x0000008d8fd00000] [id=21104]
  0x000001da9d1a8800 WatcherThread [stack: 0x0000008d90500000,0x0000008d90600000] [id=2512]
  0x000001da82bb5000 GCTaskThread "GC Thread#0" [stack: 0x0000008d8f700000,0x0000008d8f800000] [id=10344]
  0x000001da9d5d2000 GCTaskThread "GC Thread#1" [stack: 0x0000008d90800000,0x0000008d90900000] [id=6384]
  0x000001da9d709000 GCTaskThread "GC Thread#2" [stack: 0x0000008d90900000,0x0000008d90a00000] [id=8272]
  0x000001da82be4000 ConcurrentGCThread "G1 Main Marker" [stack: 0x0000008d8f800000,0x0000008d8f900000] [id=20512]
  0x000001da82be5800 ConcurrentGCThread "G1 Conc#0" [stack: 0x0000008d8f900000,0x0000008d8fa00000] [id=7780]
  0x000001da82c77000 ConcurrentGCThread "G1 Refine#0" [stack: 0x0000008d8fa00000,0x0000008d8fb00000] [id=19224]
  0x000001da82c79000 ConcurrentGCThread "G1 Young RemSet Sampling" [stack: 0x0000008d8fb00000,0x0000008d8fc00000] [id=19432]

Threads with active compile tasks:
C2 CompilerThread0  17801 9143       4       org.jetbrains.kotlin.backend.common.serialization.mangle.descriptor.DescriptorMangleComputer::mangleType (553 bytes)
C2 CompilerThread1  17801 9166       4       org.jetbrains.kotlin.ir.visitors.IrElementVisitorVoid$DefaultImpls::visitDeclaration (23 bytes)

VM state:at safepoint (normal execution)

VM Mutex/Monitor currently owned by a thread:  ([mutex/lock_event])
[0x000001da82b9e860] Threads_lock - owner thread: 0x000001da9c694000
[0x000001da82b9df60] Heap_lock - owner thread: 0x000001da80aac000

Heap address: 0x0000000081e00000, size: 2018 MB, Compressed Oops mode: 32-bit
Narrow klass base: 0x0000000000000000, Narrow klass shift: 3
Compressed class space size: 1073741824 Address: 0x0000000100000000

Heap:
 garbage-first heap   total 189440K, used 56790K [0x0000000081e00000, 0x0000000100000000)
  region size 1024K, 6 young (6144K), 6 survivors (6144K)
 Metaspace       used 69851K, capacity 70664K, committed 70912K, reserved 1112064K
  class space    used 7876K, capacity 8192K, committed 8192K, reserved 1048576K
Heap Regions: E=young(eden), S=young(survivor), O=old, HS=humongous(starts), HC=humongous(continues), CS=collection set, F=free, A=archive, TAMS=top-at-mark-start (previous, next)
|   0|0x0000000081e00000, 0x0000000081f00000, 0x0000000081f00000|100%|HS|  |TAMS 0x0000000081f00000, 0x0000000081e00000| Complete 
|   1|0x0000000081f00000, 0x0000000082000000, 0x0000000082000000|100%|HC|  |TAMS 0x0000000082000000, 0x0000000081f00000| Complete 
|   2|0x0000000082000000, 0x0000000082100000, 0x0000000082100000|100%|HC|  |TAMS 0x0000000082100000, 0x0000000082000000| Complete 
|   3|0x0000000082100000, 0x0000000082200000, 0x0000000082200000|100%| O|  |TAMS 0x0000000082200000, 0x0000000082100000| Untracked 
|   4|0x0000000082200000, 0x0000000082300000, 0x0000000082300000|100%| O|  |TAMS 0x0000000082300000, 0x0000000082200000| Untracked 
|   5|0x0000000082300000, 0x0000000082400000, 0x0000000082400000|100%|HS|  |TAMS 0x0000000082400000, 0x0000000082300000| Complete 
|   6|0x0000000082400000, 0x0000000082500000, 0x0000000082500000|100%|HC|  |TAMS 0x0000000082500000, 0x0000000082400000| Complete 
|   7|0x0000000082500000, 0x0000000082600000, 0x0000000082600000|100%|HC|  |TAMS 0x0000000082600000, 0x0000000082500000| Complete 
|   8|0x0000000082600000, 0x0000000082700000, 0x0000000082700000|100%|HS|  |TAMS 0x0000000082700000, 0x0000000082600000| Complete 
|   9|0x0000000082700000, 0x0000000082800000, 0x0000000082800000|100%|HC|  |TAMS 0x0000000082800000, 0x0000000082700000| Complete 
|  10|0x0000000082800000, 0x0000000082900000, 0x0000000082900000|100%| O|  |TAMS 0x0000000082900000, 0x0000000082800000| Untracked 
|  11|0x0000000082900000, 0x0000000082a00000, 0x0000000082a00000|100%| O|  |TAMS 0x0000000082a00000, 0x0000000082900000| Untracked 
|  12|0x0000000082a00000, 0x0000000082b00000, 0x0000000082b00000|100%| O|  |TAMS 0x0000000082b00000, 0x0000000082a00000| Untracked 
|  13|0x0000000082b00000, 0x0000000082c00000, 0x0000000082c00000|100%| O|  |TAMS 0x0000000082c00000, 0x0000000082b00000| Untracked 
|  14|0x0000000082c00000, 0x0000000082d00000, 0x0000000082d00000|100%| O|  |TAMS 0x0000000082d00000, 0x0000000082c00000| Untracked 
|  15|0x0000000082d00000, 0x0000000082e00000, 0x0000000082e00000|100%| O|  |TAMS 0x0000000082e00000, 0x0000000082d00000| Untracked 
|  16|0x0000000082e00000, 0x0000000082f00000, 0x0000000082f00000|100%| O|  |TAMS 0x0000000082f00000, 0x0000000082e00000| Untracked 
|  17|0x0000000082f00000, 0x0000000083000000, 0x0000000083000000|100%| O|  |TAMS 0x0000000083000000, 0x0000000082f00000| Untracked 
|  18|0x0000000083000000, 0x0000000083100000, 0x0000000083100000|100%| O|  |TAMS 0x0000000083100000, 0x0000000083000000| Untracked 
|  19|0x0000000083100000, 0x0000000083200000, 0x0000000083200000|100%| O|  |TAMS 0x00000000831ad400, 0x0000000083100000| Untracked 
|  20|0x0000000083200000, 0x0000000083300000, 0x0000000083300000|100%| O|  |TAMS 0x0000000083200000, 0x0000000083200000| Untracked 
|  21|0x0000000083300000, 0x0000000083400000, 0x0000000083400000|100%| O|  |TAMS 0x0000000083300000, 0x0000000083300000| Untracked 
|  22|0x0000000083400000, 0x0000000083500000, 0x0000000083500000|100%| O|  |TAMS 0x0000000083400000, 0x0000000083400000| Untracked 
|  23|0x0000000083500000, 0x0000000083600000, 0x0000000083600000|100%| O|  |TAMS 0x0000000083500000, 0x0000000083500000| Untracked 
|  24|0x0000000083600000, 0x0000000083700000, 0x0000000083700000|100%| O|  |TAMS 0x0000000083600000, 0x0000000083600000| Untracked 
|  25|0x0000000083700000, 0x0000000083800000, 0x0000000083800000|100%| O|  |TAMS 0x0000000083700000, 0x0000000083700000| Untracked 
|  26|0x0000000083800000, 0x0000000083900000, 0x0000000083900000|100%| O|  |TAMS 0x0000000083800000, 0x0000000083800000| Untracked 
|  27|0x0000000083900000, 0x0000000083a00000, 0x0000000083a00000|100%| O|  |TAMS 0x0000000083900000, 0x0000000083900000| Untracked 
|  28|0x0000000083a00000, 0x0000000083b00000, 0x0000000083b00000|100%| O|  |TAMS 0x0000000083a00000, 0x0000000083a00000| Untracked 
|  29|0x0000000083b00000, 0x0000000083c00000, 0x0000000083c00000|100%| O|  |TAMS 0x0000000083b00000, 0x0000000083b00000| Untracked 
|  30|0x0000000083c00000, 0x0000000083d00000, 0x0000000083d00000|100%| O|  |TAMS 0x0000000083c00000, 0x0000000083c00000| Untracked 
|  31|0x0000000083d00000, 0x0000000083e00000, 0x0000000083e00000|100%| O|  |TAMS 0x0000000083d00000, 0x0000000083d00000| Untracked 
|  32|0x0000000083e00000, 0x0000000083f00000, 0x0000000083f00000|100%| O|  |TAMS 0x0000000083e00000, 0x0000000083e00000| Untracked 
|  33|0x0000000083f00000, 0x0000000084000000, 0x0000000084000000|100%| O|  |TAMS 0x0000000083f00000, 0x0000000083f00000| Untracked 
|  34|0x0000000084000000, 0x0000000084100000, 0x0000000084100000|100%| O|  |TAMS 0x0000000084000000, 0x0000000084000000| Untracked 
|  35|0x0000000084100000, 0x0000000084200000, 0x0000000084200000|100%| O|  |TAMS 0x0000000084100000, 0x0000000084100000| Untracked 
|  36|0x0000000084200000, 0x0000000084300000, 0x0000000084300000|100%| O|  |TAMS 0x0000000084200000, 0x0000000084200000| Untracked 
|  37|0x0000000084300000, 0x0000000084400000, 0x0000000084400000|100%| O|  |TAMS 0x0000000084300000, 0x0000000084300000| Untracked 
|  38|0x0000000084400000, 0x0000000084500000, 0x0000000084500000|100%| O|  |TAMS 0x0000000084400000, 0x0000000084400000| Untracked 
|  39|0x0000000084500000, 0x0000000084600000, 0x0000000084600000|100%| O|  |TAMS 0x0000000084500000, 0x0000000084500000| Untracked 
|  40|0x0000000084600000, 0x0000000084700000, 0x0000000084700000|100%| O|  |TAMS 0x0000000084600000, 0x0000000084600000| Untracked 
|  41|0x0000000084700000, 0x0000000084800000, 0x0000000084800000|100%| O|  |TAMS 0x0000000084700000, 0x0000000084700000| Untracked 
|  42|0x0000000084800000, 0x0000000084900000, 0x0000000084900000|100%| O|  |TAMS 0x0000000084800000, 0x0000000084800000| Untracked 
|  43|0x0000000084900000, 0x0000000084a00000, 0x0000000084a00000|100%| O|  |TAMS 0x0000000084900000, 0x0000000084900000| Untracked 
|  44|0x0000000084a00000, 0x0000000084b00000, 0x0000000084b00000|100%| O|  |TAMS 0x0000000084a00000, 0x0000000084a00000| Untracked 
|  45|0x0000000084b00000, 0x0000000084c00000, 0x0000000084c00000|100%| O|  |TAMS 0x0000000084b00000, 0x0000000084b00000| Untracked 
|  46|0x0000000084c00000, 0x0000000084d00000, 0x0000000084d00000|100%| O|  |TAMS 0x0000000084c00000, 0x0000000084c00000| Untracked 
|  47|0x0000000084d00000, 0x0000000084e00000, 0x0000000084e00000|100%| O|  |TAMS 0x0000000084d00000, 0x0000000084d00000| Untracked 
|  48|0x0000000084e00000, 0x0000000084f00000, 0x0000000084f00000|100%| O|  |TAMS 0x0000000084e00000, 0x0000000084e00000| Untracked 
|  49|0x0000000084f00000, 0x0000000084f7f000, 0x0000000085000000| 49%| O|  |TAMS 0x0000000084f00000, 0x0000000084f00000| Untracked 
|  50|0x0000000085000000, 0x0000000085000000, 0x0000000085100000|  0%| F|  |TAMS 0x0000000085000000, 0x0000000085000000| Untracked 
|  51|0x0000000085100000, 0x0000000085100000, 0x0000000085200000|  0%| F|  |TAMS 0x0000000085100000, 0x0000000085100000| Untracked 
|  52|0x0000000085200000, 0x0000000085200000, 0x0000000085300000|  0%| F|  |TAMS 0x0000000085200000, 0x0000000085200000| Untracked 
|  53|0x0000000085300000, 0x0000000085300000, 0x0000000085400000|  0%| F|  |TAMS 0x0000000085300000, 0x0000000085300000| Untracked 
|  54|0x0000000085400000, 0x0000000085400000, 0x0000000085500000|  0%| F|  |TAMS 0x0000000085400000, 0x0000000085400000| Untracked 
|  55|0x0000000085500000, 0x0000000085500000, 0x0000000085600000|  0%| F|  |TAMS 0x0000000085500000, 0x0000000085500000| Untracked 
|  56|0x0000000085600000, 0x0000000085600000, 0x0000000085700000|  0%| F|  |TAMS 0x0000000085600000, 0x0000000085600000| Untracked 
|  57|0x0000000085700000, 0x0000000085700000, 0x0000000085800000|  0%| F|  |TAMS 0x0000000085700000, 0x0000000085700000| Untracked 
|  58|0x0000000085800000, 0x0000000085800000, 0x0000000085900000|  0%| F|  |TAMS 0x0000000085800000, 0x0000000085800000| Untracked 
|  59|0x0000000085900000, 0x0000000085900000, 0x0000000085a00000|  0%| F|  |TAMS 0x0000000085900000, 0x0000000085900000| Untracked 
|  60|0x0000000085a00000, 0x0000000085a00000, 0x0000000085b00000|  0%| F|  |TAMS 0x0000000085a00000, 0x0000000085a00000| Untracked 
|  61|0x0000000085b00000, 0x0000000085b00000, 0x0000000085c00000|  0%| F|  |TAMS 0x0000000085b00000, 0x0000000085b00000| Untracked 
|  62|0x0000000085c00000, 0x0000000085c00000, 0x0000000085d00000|  0%| F|  |TAMS 0x0000000085c00000, 0x0000000085c00000| Untracked 
|  63|0x0000000085d00000, 0x0000000085d00000, 0x0000000085e00000|  0%| F|  |TAMS 0x0000000085d00000, 0x0000000085d00000| Untracked 
|  64|0x0000000085e00000, 0x0000000085e00000, 0x0000000085f00000|  0%| F|  |TAMS 0x0000000085e00000, 0x0000000085e00000| Untracked 
|  65|0x0000000085f00000, 0x0000000085f00000, 0x0000000086000000|  0%| F|  |TAMS 0x0000000085f00000, 0x0000000085f00000| Untracked 
|  66|0x0000000086000000, 0x0000000086000000, 0x0000000086100000|  0%| F|  |TAMS 0x0000000086000000, 0x0000000086000000| Untracked 
|  67|0x0000000086100000, 0x0000000086100000, 0x0000000086200000|  0%| F|  |TAMS 0x0000000086100000, 0x0000000086100000| Untracked 
|  68|0x0000000086200000, 0x0000000086200000, 0x0000000086300000|  0%| F|  |TAMS 0x0000000086200000, 0x0000000086200000| Untracked 
|  69|0x0000000086300000, 0x0000000086300000, 0x0000000086400000|  0%| F|  |TAMS 0x0000000086300000, 0x0000000086300000| Untracked 
|  70|0x0000000086400000, 0x0000000086400000, 0x0000000086500000|  0%| F|  |TAMS 0x0000000086400000, 0x0000000086400000| Untracked 
|  71|0x0000000086500000, 0x0000000086500000, 0x0000000086600000|  0%| F|  |TAMS 0x0000000086500000, 0x0000000086500000| Untracked 
|  72|0x0000000086600000, 0x0000000086600000, 0x0000000086700000|  0%| F|  |TAMS 0x0000000086600000, 0x0000000086600000| Untracked 
|  73|0x0000000086700000, 0x0000000086700000, 0x0000000086800000|  0%| F|  |TAMS 0x0000000086700000, 0x0000000086700000| Untracked 
|  74|0x0000000086800000, 0x0000000086800000, 0x0000000086900000|  0%| F|  |TAMS 0x0000000086800000, 0x0000000086800000| Untracked 
|  75|0x0000000086900000, 0x0000000086900000, 0x0000000086a00000|  0%| F|  |TAMS 0x0000000086900000, 0x0000000086900000| Untracked 
|  76|0x0000000086a00000, 0x0000000086af68b0, 0x0000000086b00000| 96%| S|CS|TAMS 0x0000000086a00000, 0x0000000086a00000| Complete 
|  77|0x0000000086b00000, 0x0000000086c00000, 0x0000000086c00000|100%| S|CS|TAMS 0x0000000086b00000, 0x0000000086b00000| Complete 
|  78|0x0000000086c00000, 0x0000000086d00000, 0x0000000086d00000|100%| S|CS|TAMS 0x0000000086c00000, 0x0000000086c00000| Complete 
|  79|0x0000000086d00000, 0x0000000086e00000, 0x0000000086e00000|100%| S|CS|TAMS 0x0000000086d00000, 0x0000000086d00000| Complete 
|  80|0x0000000086e00000, 0x0000000086e00000, 0x0000000086f00000|  0%| F|  |TAMS 0x0000000086e00000, 0x0000000086e00000| Untracked 
|  81|0x0000000086f00000, 0x0000000086f00000, 0x0000000087000000|  0%| F|  |TAMS 0x0000000086f00000, 0x0000000086f00000| Untracked 
|  82|0x0000000087000000, 0x0000000087000000, 0x0000000087100000|  0%| F|  |TAMS 0x0000000087000000, 0x0000000087000000| Untracked 
|  83|0x0000000087100000, 0x0000000087100000, 0x0000000087200000|  0%| F|  |TAMS 0x0000000087100000, 0x0000000087100000| Untracked 
|  84|0x0000000087200000, 0x0000000087200000, 0x0000000087300000|  0%| F|  |TAMS 0x0000000087200000, 0x0000000087200000| Untracked 
|  85|0x0000000087300000, 0x0000000087300000, 0x0000000087400000|  0%| F|  |TAMS 0x0000000087300000, 0x0000000087300000| Untracked 
|  86|0x0000000087400000, 0x0000000087400000, 0x0000000087500000|  0%| F|  |TAMS 0x0000000087400000, 0x0000000087400000| Untracked 
|  87|0x0000000087500000, 0x0000000087500000, 0x0000000087600000|  0%| F|  |TAMS 0x0000000087500000, 0x0000000087500000| Untracked 
|  88|0x0000000087600000, 0x0000000087700000, 0x0000000087700000|100%| S|CS|TAMS 0x0000000087600000, 0x0000000087600000| Complete 
|  89|0x0000000087700000, 0x0000000087800000, 0x0000000087800000|100%| S|CS|TAMS 0x0000000087700000, 0x0000000087700000| Complete 
|  90|0x0000000087800000, 0x0000000087800000, 0x0000000087900000|  0%| F|  |TAMS 0x0000000087800000, 0x0000000087800000| Untracked 
|  91|0x0000000087900000, 0x0000000087900000, 0x0000000087a00000|  0%| F|  |TAMS 0x0000000087900000, 0x0000000087900000| Untracked 
|  92|0x0000000087a00000, 0x0000000087a00000, 0x0000000087b00000|  0%| F|  |TAMS 0x0000000087a00000, 0x0000000087a00000| Untracked 
|  93|0x0000000087b00000, 0x0000000087b00000, 0x0000000087c00000|  0%| F|  |TAMS 0x0000000087b00000, 0x0000000087b00000| Untracked 
|  94|0x0000000087c00000, 0x0000000087c00000, 0x0000000087d00000|  0%| F|  |TAMS 0x0000000087c00000, 0x0000000087c00000| Untracked 
|  95|0x0000000087d00000, 0x0000000087d00000, 0x0000000087e00000|  0%| F|  |TAMS 0x0000000087d00000, 0x0000000087d00000| Untracked 
|  96|0x0000000087e00000, 0x0000000087e00000, 0x0000000087f00000|  0%| F|  |TAMS 0x0000000087e00000, 0x0000000087e00000| Untracked 
|  97|0x0000000087f00000, 0x0000000087f00000, 0x0000000088000000|  0%| F|  |TAMS 0x0000000087f00000, 0x0000000087f00000| Untracked 
|  98|0x0000000088000000, 0x0000000088000000, 0x0000000088100000|  0%| F|  |TAMS 0x0000000088000000, 0x0000000088000000| Untracked 
|  99|0x0000000088100000, 0x0000000088100000, 0x0000000088200000|  0%| F|  |TAMS 0x0000000088100000, 0x0000000088100000| Untracked 
| 100|0x0000000088200000, 0x0000000088200000, 0x0000000088300000|  0%| F|  |TAMS 0x0000000088200000, 0x0000000088200000| Untracked 
| 101|0x0000000088300000, 0x0000000088300000, 0x0000000088400000|  0%| F|  |TAMS 0x0000000088300000, 0x0000000088300000| Untracked 
| 102|0x0000000088400000, 0x0000000088400000, 0x0000000088500000|  0%| F|  |TAMS 0x0000000088400000, 0x0000000088400000| Untracked 
| 103|0x0000000088500000, 0x0000000088500000, 0x0000000088600000|  0%| F|  |TAMS 0x0000000088500000, 0x0000000088500000| Untracked 
| 104|0x0000000088600000, 0x0000000088600000, 0x0000000088700000|  0%| F|  |TAMS 0x0000000088600000, 0x0000000088600000| Untracked 
| 105|0x0000000088700000, 0x0000000088700000, 0x0000000088800000|  0%| F|  |TAMS 0x0000000088700000, 0x0000000088700000| Untracked 
| 106|0x0000000088800000, 0x0000000088800000, 0x0000000088900000|  0%| F|  |TAMS 0x0000000088800000, 0x0000000088800000| Untracked 
| 107|0x0000000088900000, 0x0000000088900000, 0x0000000088a00000|  0%| F|  |TAMS 0x0000000088900000, 0x0000000088900000| Untracked 
| 108|0x0000000088a00000, 0x0000000088a00000, 0x0000000088b00000|  0%| F|  |TAMS 0x0000000088a00000, 0x0000000088a00000| Untracked 
| 109|0x0000000088b00000, 0x0000000088b00000, 0x0000000088c00000|  0%| F|  |TAMS 0x0000000088b00000, 0x0000000088b00000| Untracked 
| 110|0x0000000088c00000, 0x0000000088c00000, 0x0000000088d00000|  0%| F|  |TAMS 0x0000000088c00000, 0x0000000088c00000| Untracked 
| 111|0x0000000088d00000, 0x0000000088d00000, 0x0000000088e00000|  0%| F|  |TAMS 0x0000000088d00000, 0x0000000088d00000| Untracked 
| 112|0x0000000088e00000, 0x0000000088e00000, 0x0000000088f00000|  0%| F|  |TAMS 0x0000000088e00000, 0x0000000088e00000| Untracked 
| 113|0x0000000088f00000, 0x0000000088f00000, 0x0000000089000000|  0%| F|  |TAMS 0x0000000088f00000, 0x0000000088f00000| Untracked 
| 114|0x0000000089000000, 0x0000000089000000, 0x0000000089100000|  0%| F|  |TAMS 0x0000000089000000, 0x0000000089000000| Untracked 
| 115|0x0000000089100000, 0x0000000089100000, 0x0000000089200000|  0%| F|  |TAMS 0x0000000089100000, 0x0000000089100000| Untracked 
| 116|0x0000000089200000, 0x0000000089200000, 0x0000000089300000|  0%| F|  |TAMS 0x0000000089200000, 0x0000000089200000| Untracked 
| 117|0x0000000089300000, 0x0000000089300000, 0x0000000089400000|  0%| F|  |TAMS 0x0000000089300000, 0x0000000089300000| Untracked 
| 118|0x0000000089400000, 0x0000000089400000, 0x0000000089500000|  0%| F|  |TAMS 0x0000000089400000, 0x0000000089400000| Untracked 
| 119|0x0000000089500000, 0x0000000089500000, 0x0000000089600000|  0%| F|  |TAMS 0x0000000089500000, 0x0000000089500000| Untracked 
| 120|0x0000000089600000, 0x0000000089600000, 0x0000000089700000|  0%| F|  |TAMS 0x0000000089600000, 0x0000000089600000| Untracked 
| 121|0x0000000089700000, 0x0000000089700000, 0x0000000089800000|  0%| F|  |TAMS 0x0000000089700000, 0x0000000089700000| Untracked 
| 122|0x0000000089800000, 0x0000000089800000, 0x0000000089900000|  0%| F|  |TAMS 0x0000000089800000, 0x0000000089800000| Untracked 
| 123|0x0000000089900000, 0x0000000089900000, 0x0000000089a00000|  0%| F|  |TAMS 0x0000000089900000, 0x0000000089900000| Untracked 
| 124|0x0000000089a00000, 0x0000000089a00000, 0x0000000089b00000|  0%| F|  |TAMS 0x0000000089a00000, 0x0000000089a00000| Untracked 
| 125|0x0000000089b00000, 0x0000000089b00000, 0x0000000089c00000|  0%| F|  |TAMS 0x0000000089b00000, 0x0000000089b00000| Untracked 
| 126|0x0000000089c00000, 0x0000000089c00000, 0x0000000089d00000|  0%| F|  |TAMS 0x0000000089c00000, 0x0000000089c00000| Untracked 
| 127|0x0000000089d00000, 0x0000000089d00000, 0x0000000089e00000|  0%| F|  |TAMS 0x0000000089d00000, 0x0000000089d00000| Untracked 
| 128|0x0000000089e00000, 0x0000000089e00000, 0x0000000089f00000|  0%| F|  |TAMS 0x0000000089e00000, 0x0000000089e00000| Untracked 
| 129|0x0000000089f00000, 0x0000000089f00000, 0x000000008a000000|  0%| F|  |TAMS 0x0000000089f00000, 0x0000000089f00000| Untracked 
| 130|0x000000008a000000, 0x000000008a000000, 0x000000008a100000|  0%| F|  |TAMS 0x000000008a000000, 0x000000008a000000| Untracked 
| 131|0x000000008a100000, 0x000000008a100000, 0x000000008a200000|  0%| F|  |TAMS 0x000000008a100000, 0x000000008a100000| Untracked 
| 132|0x000000008a200000, 0x000000008a200000, 0x000000008a300000|  0%| F|  |TAMS 0x000000008a200000, 0x000000008a200000| Untracked 
| 133|0x000000008a300000, 0x000000008a300000, 0x000000008a400000|  0%| F|  |TAMS 0x000000008a300000, 0x000000008a300000| Untracked 
| 134|0x000000008a400000, 0x000000008a400000, 0x000000008a500000|  0%| F|  |TAMS 0x000000008a400000, 0x000000008a400000| Untracked 
| 135|0x000000008a500000, 0x000000008a500000, 0x000000008a600000|  0%| F|  |TAMS 0x000000008a500000, 0x000000008a500000| Untracked 
| 136|0x000000008a600000, 0x000000008a600000, 0x000000008a700000|  0%| F|  |TAMS 0x000000008a600000, 0x000000008a600000| Untracked 
| 137|0x000000008a700000, 0x000000008a700000, 0x000000008a800000|  0%| F|  |TAMS 0x000000008a700000, 0x000000008a700000| Untracked 
| 138|0x000000008a800000, 0x000000008a800000, 0x000000008a900000|  0%| F|  |TAMS 0x000000008a800000, 0x000000008a800000| Untracked 
| 139|0x000000008a900000, 0x000000008a900000, 0x000000008aa00000|  0%| F|  |TAMS 0x000000008a900000, 0x000000008a900000| Untracked 
| 140|0x000000008aa00000, 0x000000008aa00000, 0x000000008ab00000|  0%| F|  |TAMS 0x000000008aa00000, 0x000000008aa00000| Untracked 
| 141|0x000000008ab00000, 0x000000008ab00000, 0x000000008ac00000|  0%| F|  |TAMS 0x000000008ab00000, 0x000000008ab00000| Untracked 
| 142|0x000000008ac00000, 0x000000008ac00000, 0x000000008ad00000|  0%| F|  |TAMS 0x000000008ac00000, 0x000000008ac00000| Untracked 
| 143|0x000000008ad00000, 0x000000008ad00000, 0x000000008ae00000|  0%| F|  |TAMS 0x000000008ad00000, 0x000000008ad00000| Untracked 
| 144|0x000000008ae00000, 0x000000008ae00000, 0x000000008af00000|  0%| F|  |TAMS 0x000000008ae00000, 0x000000008ae00000| Untracked 
| 145|0x000000008af00000, 0x000000008af00000, 0x000000008b000000|  0%| F|  |TAMS 0x000000008af00000, 0x000000008af00000| Untracked 
| 146|0x000000008b000000, 0x000000008b000000, 0x000000008b100000|  0%| F|  |TAMS 0x000000008b000000, 0x000000008b000000| Untracked 
| 147|0x000000008b100000, 0x000000008b100000, 0x000000008b200000|  0%| F|  |TAMS 0x000000008b100000, 0x000000008b100000| Untracked 
| 148|0x000000008b200000, 0x000000008b200000, 0x000000008b300000|  0%| F|  |TAMS 0x000000008b200000, 0x000000008b200000| Untracked 
| 149|0x000000008b300000, 0x000000008b300000, 0x000000008b400000|  0%| F|  |TAMS 0x000000008b300000, 0x000000008b300000| Untracked 
| 150|0x000000008b400000, 0x000000008b400000, 0x000000008b500000|  0%| F|  |TAMS 0x000000008b400000, 0x000000008b400000| Untracked 
| 151|0x000000008b500000, 0x000000008b500000, 0x000000008b600000|  0%| F|  |TAMS 0x000000008b500000, 0x000000008b500000| Untracked 
| 152|0x000000008b600000, 0x000000008b600000, 0x000000008b700000|  0%| F|  |TAMS 0x000000008b600000, 0x000000008b600000| Untracked 
| 153|0x000000008b700000, 0x000000008b700000, 0x000000008b800000|  0%| F|  |TAMS 0x000000008b700000, 0x000000008b700000| Untracked 

Card table byte_map: [0x000001da95ab0000,0x000001da95eb0000] _byte_map_base: 0x000001da956a1000

Marking Bits (Prev, Next): (CMBitMap*) 0x000001da82bdb7c0, (CMBitMap*) 0x000001da82bdb788
 Prev Bits: [0x000001da98240000, 0x000001da9a1c8000)
 Next Bits: [0x000001da962b0000, 0x000001da98238000)

Polling page: 0x000001da80980000

Metaspace:

Usage:
  Non-class:     61.01 MB capacity,    60.52 MB (>99%) used,   379.02 KB ( <1%) free+waste,   117.63 KB ( <1%) overhead. 
      Class:      8.00 MB capacity,     7.69 MB ( 96%) used,   264.38 KB (  3%) free+waste,    51.38 KB ( <1%) overhead. 
       Both:     69.01 MB capacity,    68.21 MB ( 99%) used,   643.39 KB ( <1%) free+waste,   169.00 KB ( <1%) overhead. 

Virtual space:
  Non-class space:       62.00 MB reserved,      61.25 MB ( 99%) committed 
      Class space:        1.00 GB reserved,       8.00 MB ( <1%) committed 
             Both:        1.06 GB reserved,      69.25 MB (  6%) committed 

Chunk freelists:
   Non-Class:  56.00 KB
       Class:  0 bytes
        Both:  56.00 KB

MaxMetaspaceSize: 17179869184.00 GB
CompressedClassSpaceSize: 1.00 GB
Initial GC threshold: 20.80 MB
Current GC threshold: 77.71 MB
CDS: off

CodeHeap 'non-profiled nmethods': size=120064Kb used=4496Kb max_used=4496Kb free=115567Kb
 bounds [0x000001da8e170000, 0x000001da8e5e0000, 0x000001da956b0000]
CodeHeap 'profiled nmethods': size=120000Kb used=25717Kb max_used=25717Kb free=94282Kb
 bounds [0x000001da86c40000, 0x000001da88560000, 0x000001da8e170000]
CodeHeap 'non-nmethods': size=5696Kb used=1347Kb max_used=1392Kb free=4348Kb
 bounds [0x000001da866b0000, 0x000001da86920000, 0x000001da86c40000]
 total_blobs=9730 nmethods=9094 adapters=546
 compilation: enabled
              stopped_count=0, restarted_count=0
 full_count=0

Compilation events (20 events):
Event: 17.697 Thread 0x000001da9c6eb800 9161       2       org.jetbrains.kotlin.types.AlternativeTypeSubstitutionKt::substituteAlternativesInPublicType (24 bytes)
Event: 17.699 Thread 0x000001da9c6eb800 nmethod 9161 0x000001da88559490 code [0x000001da88559700, 0x000001da88559dc8]
Event: 17.700 Thread 0x000001da9c6eb800 9162       2       org.jetbrains.kotlin.backend.common.serialization.mangle.descriptor.DescriptorMangleComputer::mangleTypeParameter (56 bytes)
Event: 17.700 Thread 0x000001da9c6eb800 nmethod 9162 0x000001da8855a190 code [0x000001da8855a3a0, 0x000001da8855a738]
Event: 17.713 Thread 0x000001da9c6eb800 9167       2       org.jetbrains.kotlin.ir.expressions.IrExpression::transform (19 bytes)
Event: 17.713 Thread 0x000001da9c6eb800 nmethod 9167 0x000001da8855aa10 code [0x000001da8855ac20, 0x000001da8855af88]
Event: 17.718 Thread 0x000001da9c6eb800 9168       2       org.jetbrains.kotlin.ir.expressions.IrMemberAccessExpression::acceptChildren (45 bytes)
Event: 17.719 Thread 0x000001da9c6eb800 nmethod 9168 0x000001da8855b190 code [0x000001da8855b3a0, 0x000001da8855b6d8]
Event: 17.719 Thread 0x000001da9c6eb800 9169       1       org.jetbrains.kotlin.ir.expressions.impl.IrTypeOperatorCallImpl::getArgument (5 bytes)
Event: 17.719 Thread 0x000001da9c6eb800 nmethod 9169 0x000001da8e5d1510 code [0x000001da8e5d16c0, 0x000001da8e5d1778]
Event: 17.732 Thread 0x000001da9c6eb800 9170       1       org.jetbrains.kotlin.psi2ir.generators.TypeTranslatorImpl$typeApproximatorConfiguration$1::getIntersectionTypesInContravariantPositions (2 bytes)
Event: 17.733 Thread 0x000001da9c6eb800 nmethod 9170 0x000001da8e5d1810 code [0x000001da8e5d19c0, 0x000001da8e5d1a78]
Event: 17.734 Thread 0x000001da9c6eb800 9171       2       org.jetbrains.kotlin.psi2ir.generators.TypeTranslatorImpl::approximateType (48 bytes)
Event: 17.736 Thread 0x000001da9c6eb800 nmethod 9171 0x000001da8855b910 code [0x000001da8855bd00, 0x000001da8855cc48]
Event: 17.744 Thread 0x000001daa2e63000 nmethod 9047 0x000001da8e5d1b10 code [0x000001da8e5d1d40, 0x000001da8e5d3078]
Event: 17.744 Thread 0x000001daa2e63000 9164       4       java.util.ArrayList::clear (43 bytes)
Event: 17.746 Thread 0x000001da9c6eb800 9173       1       org.jetbrains.kotlin.psi2ir.generators.GeneratorContext::getIrBuiltIns (5 bytes)
Event: 17.746 Thread 0x000001da9c6eb800 nmethod 9173 0x000001da8e5d3c10 code [0x000001da8e5d3dc0, 0x000001da8e5d3e78]
Event: 17.747 Thread 0x000001daa2e63000 nmethod 9164 0x000001da8e5d3f10 code [0x000001da8e5d40a0, 0x000001da8e5d41b8]
Event: 17.747 Thread 0x000001daa2e63000 9166       4       org.jetbrains.kotlin.ir.visitors.IrElementVisitorVoid$DefaultImpls::visitDeclaration (23 bytes)

GC Heap History (17 events):
Event: 0.743 GC heap before
{Heap before GC invocations=0 (full 0):
 garbage-first heap   total 131072K, used 17408K [0x0000000081e00000, 0x0000000100000000)
  region size 1024K, 14 young (14336K), 0 survivors (0K)
 Metaspace       used 9811K, capacity 9938K, committed 10112K, reserved 1058816K
  class space    used 840K, capacity 885K, committed 896K, reserved 1048576K
}
Event: 0.748 GC heap after
{Heap after GC invocations=1 (full 0):
 garbage-first heap   total 131072K, used 5212K [0x0000000081e00000, 0x0000000100000000)
  region size 1024K, 2 young (2048K), 2 survivors (2048K)
 Metaspace       used 9811K, capacity 9938K, committed 10112K, reserved 1058816K
  class space    used 840K, capacity 885K, committed 896K, reserved 1048576K
}
Event: 2.158 GC heap before
{Heap before GC invocations=1 (full 0):
 garbage-first heap   total 131072K, used 49244K [0x0000000081e00000, 0x0000000100000000)
  region size 1024K, 46 young (47104K), 2 survivors (2048K)
 Metaspace       used 20761K, capacity 20990K, committed 21248K, reserved 1069056K
  class space    used 2199K, capacity 2280K, committed 2304K, reserved 1048576K
}
Event: 2.176 GC heap after
{Heap after GC invocations=2 (full 0):
 garbage-first heap   total 131072K, used 9233K [0x0000000081e00000, 0x0000000100000000)
  region size 1024K, 6 young (6144K), 6 survivors (6144K)
 Metaspace       used 20761K, capacity 20990K, committed 21248K, reserved 1069056K
  class space    used 2199K, capacity 2280K, committed 2304K, reserved 1048576K
}
Event: 3.771 GC heap before
{Heap before GC invocations=3 (full 0):
 garbage-first heap   total 131072K, used 61457K [0x0000000081e00000, 0x0000000100000000)
  region size 1024K, 52 young (53248K), 6 survivors (6144K)
 Metaspace       used 31790K, capacity 32248K, committed 32384K, reserved 1077248K
  class space    used 3985K, capacity 4151K, committed 4224K, reserved 1048576K
}
Event: 3.798 GC heap after
{Heap after GC invocations=4 (full 0):
 garbage-first heap   total 131072K, used 20442K [0x0000000081e00000, 0x0000000100000000)
  region size 1024K, 7 young (7168K), 7 survivors (7168K)
 Metaspace       used 31790K, capacity 32248K, committed 32384K, reserved 1077248K
  class space    used 3985K, capacity 4151K, committed 4224K, reserved 1048576K
}
Event: 4.287 GC heap before
{Heap before GC invocations=4 (full 0):
 garbage-first heap   total 131072K, used 34778K [0x0000000081e00000, 0x0000000100000000)
  region size 1024K, 22 young (22528K), 7 survivors (7168K)
 Metaspace       used 34992K, capacity 35400K, committed 35628K, reserved 1081344K
  class space    used 4324K, capacity 4475K, committed 4480K, reserved 1048576K
}
Event: 4.303 GC heap after
{Heap after GC invocations=5 (full 0):
 garbage-first heap   total 131072K, used 20149K [0x0000000081e00000, 0x0000000100000000)
  region size 1024K, 2 young (2048K), 2 survivors (2048K)
 Metaspace       used 34992K, capacity 35400K, committed 35628K, reserved 1081344K
  class space    used 4324K, capacity 4475K, committed 4480K, reserved 1048576K
}
Event: 8.113 GC heap before
{Heap before GC invocations=6 (full 0):
 garbage-first heap   total 131072K, used 78517K [0x0000000081e00000, 0x0000000100000000)
  region size 1024K, 57 young (58368K), 2 survivors (2048K)
 Metaspace       used 47015K, capacity 47509K, committed 47744K, reserved 1091584K
  class space    used 5558K, capacity 5752K, committed 5760K, reserved 1048576K
}
Event: 8.146 GC heap after
{Heap after GC invocations=7 (full 0):
 garbage-first heap   total 157696K, used 27167K [0x0000000081e00000, 0x0000000100000000)
  region size 1024K, 7 young (7168K), 7 survivors (7168K)
 Metaspace       used 47015K, capacity 47509K, committed 47744K, reserved 1091584K
  class space    used 5558K, capacity 5752K, committed 5760K, reserved 1048576K
}
Event: 9.993 GC heap before
{Heap before GC invocations=8 (full 0):
 garbage-first heap   total 157696K, used 94751K [0x0000000081e00000, 0x0000000100000000)
  region size 1024K, 72 young (73728K), 7 survivors (7168K)
 Metaspace       used 52697K, capacity 53328K, committed 53504K, reserved 1095680K
  class space    used 6102K, capacity 6362K, committed 6400K, reserved 1048576K
}
Event: 10.022 GC heap after
{Heap after GC invocations=9 (full 0):
 garbage-first heap   total 157696K, used 34910K [0x0000000081e00000, 0x0000000100000000)
  region size 1024K, 8 young (8192K), 8 survivors (8192K)
 Metaspace       used 52697K, capacity 53328K, committed 53504K, reserved 1095680K
  class space    used 6102K, capacity 6362K, committed 6400K, reserved 1048576K
}
Event: 11.861 GC heap before
{Heap before GC invocations=9 (full 0):
 garbage-first heap   total 157696K, used 103518K [0x0000000081e00000, 0x0000000100000000)
  region size 1024K, 75 young (76800K), 8 survivors (8192K)
 Metaspace       used 54017K, capacity 54666K, committed 54912K, reserved 1097728K
  class space    used 6146K, capacity 6402K, committed 6528K, reserved 1048576K
}
Event: 11.900 GC heap after
{Heap after GC invocations=10 (full 0):
 garbage-first heap   total 157696K, used 43152K [0x0000000081e00000, 0x0000000100000000)
  region size 1024K, 9 young (9216K), 9 survivors (9216K)
 Metaspace       used 54017K, capacity 54666K, committed 54912K, reserved 1097728K
  class space    used 6146K, capacity 6402K, committed 6528K, reserved 1048576K
}
Event: 15.332 GC heap before
{Heap before GC invocations=10 (full 0):
 garbage-first heap   total 157696K, used 110736K [0x0000000081e00000, 0x0000000100000000)
  region size 1024K, 75 young (76800K), 9 survivors (9216K)
 Metaspace       used 63322K, capacity 64104K, committed 64256K, reserved 1105920K
  class space    used 7248K, capacity 7557K, committed 7680K, reserved 1048576K
}
Event: 15.373 GC heap after
{Heap after GC invocations=11 (full 0):
 garbage-first heap   total 157696K, used 51053K [0x0000000081e00000, 0x0000000100000000)
  region size 1024K, 8 young (8192K), 8 survivors (8192K)
 Metaspace       used 63322K, capacity 64104K, committed 64256K, reserved 1105920K
  class space    used 7248K, capacity 7557K, committed 7680K, reserved 1048576K
}
Event: 17.748 GC heap before
{Heap before GC invocations=11 (full 0):
 garbage-first heap   total 157696K, used 116589K [0x0000000081e00000, 0x0000000100000000)
  region size 1024K, 72 young (73728K), 8 survivors (8192K)
 Metaspace       used 69851K, capacity 70664K, committed 70912K, reserved 1112064K
  class space    used 7876K, capacity 8192K, committed 8192K, reserved 1048576K
}

Deoptimization events (20 events):
Event: 17.538 Thread 0x000001da80aac000 Uncommon trap: trap_request=0xffffff6e fr.pc=0x000001da8e5b7ae4 relative=0x0000000000005484
Event: 17.538 Thread 0x000001da80aac000 Uncommon trap: reason=speculate_class_check action=maybe_recompile pc=0x000001da8e5b7ae4 method=org.jetbrains.kotlin.types.checker.ClassicTypeSystemContext$DefaultImpls.hasAnnotation(Lorg/jetbrains/kotlin/types/checker/ClassicTypeSystemContext;Lorg/jetbra
Event: 17.538 Thread 0x000001da80aac000 DEOPT PACKING pc=0x000001da8e5b7ae4 sp=0x0000008d8f6fc560
Event: 17.538 Thread 0x000001da80aac000 DEOPT UNPACKING pc=0x000001da866fa1af sp=0x0000008d8f6fc390 mode 2
Event: 17.538 Thread 0x000001da80aac000 Uncommon trap: trap_request=0xffffff6e fr.pc=0x000001da8e5b7ae4 relative=0x0000000000005484
Event: 17.538 Thread 0x000001da80aac000 Uncommon trap: reason=speculate_class_check action=maybe_recompile pc=0x000001da8e5b7ae4 method=org.jetbrains.kotlin.types.checker.ClassicTypeSystemContext$DefaultImpls.hasAnnotation(Lorg/jetbrains/kotlin/types/checker/ClassicTypeSystemContext;Lorg/jetbra
Event: 17.538 Thread 0x000001da80aac000 DEOPT PACKING pc=0x000001da8e5b7ae4 sp=0x0000008d8f6fc560
Event: 17.538 Thread 0x000001da80aac000 DEOPT UNPACKING pc=0x000001da866fa1af sp=0x0000008d8f6fc390 mode 2
Event: 17.538 Thread 0x000001da80aac000 Uncommon trap: trap_request=0xffffff6e fr.pc=0x000001da8e5b7ae4 relative=0x0000000000005484
Event: 17.538 Thread 0x000001da80aac000 Uncommon trap: reason=speculate_class_check action=maybe_recompile pc=0x000001da8e5b7ae4 method=org.jetbrains.kotlin.types.checker.ClassicTypeSystemContext$DefaultImpls.hasAnnotation(Lorg/jetbrains/kotlin/types/checker/ClassicTypeSystemContext;Lorg/jetbra
Event: 17.538 Thread 0x000001da80aac000 DEOPT PACKING pc=0x000001da8e5b7ae4 sp=0x0000008d8f6fc560
Event: 17.538 Thread 0x000001da80aac000 DEOPT UNPACKING pc=0x000001da866fa1af sp=0x0000008d8f6fc390 mode 2
Event: 17.538 Thread 0x000001da80aac000 Uncommon trap: trap_request=0xffffff6e fr.pc=0x000001da8e5b7ae4 relative=0x0000000000005484
Event: 17.540 Thread 0x000001da80aac000 Uncommon trap: reason=speculate_class_check action=maybe_recompile pc=0x000001da8e5b7ae4 method=org.jetbrains.kotlin.types.checker.ClassicTypeSystemContext$DefaultImpls.hasAnnotation(Lorg/jetbrains/kotlin/types/checker/ClassicTypeSystemContext;Lorg/jetbra
Event: 17.540 Thread 0x000001da80aac000 DEOPT PACKING pc=0x000001da8e5b7ae4 sp=0x0000008d8f6fc360
Event: 17.540 Thread 0x000001da80aac000 DEOPT UNPACKING pc=0x000001da866fa1af sp=0x0000008d8f6fc190 mode 2
Event: 17.540 Thread 0x000001da80aac000 Uncommon trap: trap_request=0xffffff6e fr.pc=0x000001da8e5b7ae4 relative=0x0000000000005484
Event: 17.540 Thread 0x000001da80aac000 Uncommon trap: reason=speculate_class_check action=maybe_recompile pc=0x000001da8e5b7ae4 method=org.jetbrains.kotlin.types.checker.ClassicTypeSystemContext$DefaultImpls.hasAnnotation(Lorg/jetbrains/kotlin/types/checker/ClassicTypeSystemContext;Lorg/jetbra
Event: 17.540 Thread 0x000001da80aac000 DEOPT PACKING pc=0x000001da8e5b7ae4 sp=0x0000008d8f6fc560
Event: 17.540 Thread 0x000001da80aac000 DEOPT UNPACKING pc=0x000001da866fa1af sp=0x0000008d8f6fc390 mode 2

Classes redefined (0 events):
No events

Internal exceptions (20 events):
Event: 11.465 Thread 0x000001da80aac000 Exception <a 'java/lang/NoSuchMethodError'{0x00000000892364b8}: 'int java.lang.invoke.DirectMethodHandle$Holder.invokeInterface(java.lang.Object, java.lang.Object)'> (0x00000000892364b8) thrown at [./src/hotspot/share/interpreter/linkResolver.cpp, line 773]
Event: 12.011 Thread 0x000001da80aac000 Exception <a 'java/lang/NoSuchMethodError'{0x000000008ad86f90}: 'java.lang.Object java.lang.invoke.Invokers$Holder.linkToTargetMethod(java.lang.Object, java.lang.Object, java.lang.Object, java.lang.Object, java.lang.Object, java.lang.Object)'> (0x000000008ad86f90) thrown at [./src/hotspot/share/interpreter/linkResolver.cpp, line 773]
Event: 12.079 Thread 0x000001da80aac000 Implicit null exception at 0x000001da8e2903cc to 0x000001da8e2904a8
Event: 12.376 Thread 0x000001da80aac000 Implicit null exception at 0x000001da8e1cb55e to 0x000001da8e1cbcca
Event: 12.376 Thread 0x000001da80aac000 Implicit null exception at 0x000001da8e1c2daf to 0x000001da8e1c2e1d
Event: 12.489 Thread 0x000001da80aac000 Exception <a 'java/lang/NoSuchMethodError'{0x000000008a34a5a8}: 'java.lang.Object java.lang.invoke.Invokers$Holder.linkToTargetMethod(java.lang.Object, java.lang.Object, java.lang.Object, java.lang.Object, java.lang.Object, java.lang.Object, java.lang.Object)'> (0x000000008a34a5a8) thrown at [./src/hotspot/share/interpreter/linkResolver.cpp, line 773]
Event: 12.691 Thread 0x000001da80aac000 Exception <a 'java/lang/NoSuchMethodError'{0x0000000089f946b0}: 'java.lang.Object java.lang.invoke.Invokers$Holder.linkToTargetMethod(java.lang.Object, java.lang.Object, java.lang.Object, int, int, java.lang.Object)'> (0x0000000089f946b0) thrown at [./src/hotspot/share/interpreter/linkResolver.cpp, line 773]
Event: 12.705 Thread 0x000001da80aac000 Exception <a 'java/lang/NoSuchMethodError'{0x0000000089fb4228}: 'java.lang.Object java.lang.invoke.DirectMethodHandle$Holder.invokeInterface(java.lang.Object, java.lang.Object, java.lang.Object)'> (0x0000000089fb4228) thrown at [./src/hotspot/share/interpreter/linkResolver.cpp, line 773]
Event: 12.707 Thread 0x000001da80aac000 Exception <a 'java/lang/IncompatibleClassChangeError'{0x0000000089fb7458}: Found class java.lang.Object, but interface was expected> (0x0000000089fb7458) thrown at [./src/hotspot/share/interpreter/linkResolver.cpp, line 839]
Event: 12.754 Thread 0x000001da80aac000 Implicit null exception at 0x000001da8e3f3ffc to 0x000001da8e3f494c
Event: 13.304 Thread 0x000001da80aac000 Exception <a 'java/lang/NoSuchMethodError'{0x00000000898e7ab0}: 'int java.lang.invoke.DirectMethodHandle$Holder.invokeVirtual(java.lang.Object, java.lang.Object, java.lang.Object)'> (0x00000000898e7ab0) thrown at [./src/hotspot/share/interpreter/linkResolver.cpp, line 773]
Event: 13.466 Thread 0x000001da80aac000 Exception <a 'java/lang/NoSuchMethodError'{0x00000000894c6090}: 'java.lang.Object java.lang.invoke.DirectMethodHandle$Holder.invokeSpecial(java.lang.Object, java.lang.Object, java.lang.Object, java.lang.Object, java.lang.Object, int)'> (0x00000000894c6090) thrown at [./src/hotspot/share/interpreter/linkResolver.cpp, line 773]
Event: 13.467 Thread 0x000001da80aac000 Exception <a 'java/lang/NoSuchMethodError'{0x00000000894c9ed8}: 'java.lang.Object java.lang.invoke.Invokers$Holder.linkToTargetMethod(java.lang.Object, java.lang.Object, java.lang.Object, int, java.lang.Object)'> (0x00000000894c9ed8) thrown at [./src/hotspot/share/interpreter/linkResolver.cpp, line 773]
Event: 13.542 Thread 0x000001da80aac000 Exception <a 'java/lang/NoSuchMethodError'{0x000000008927d4b8}: 'void java.lang.invoke.DirectMethodHandle$Holder.invokeInterface(java.lang.Object, java.lang.Object)'> (0x000000008927d4b8) thrown at [./src/hotspot/share/interpreter/linkResolver.cpp, line 773]
Event: 13.655 Thread 0x000001da80aac000 Exception <a 'java/lang/IncompatibleClassChangeError'{0x000000008906d370}: Found class java.lang.Object, but interface was expected> (0x000000008906d370) thrown at [./src/hotspot/share/interpreter/linkResolver.cpp, line 839]
Event: 14.869 Thread 0x000001da80aac000 Exception <a 'java/lang/NoSuchMethodError'{0x0000000087d31428}: 'int java.lang.invoke.DirectMethodHandle$Holder.invokeStaticInit(java.lang.Object, int)'> (0x0000000087d31428) thrown at [./src/hotspot/share/interpreter/linkResolver.cpp, line 773]
Event: 15.258 Thread 0x000001da80aac000 Implicit null exception at 0x000001da8e1c6cf5 to 0x000001da8e1c6ebc
Event: 15.579 Thread 0x000001da80aac000 Implicit null exception at 0x000001da8e3e62fa to 0x000001da8e3e65c4
Event: 15.759 Thread 0x000001da80aac000 Exception <a 'java/lang/NoSuchMethodError'{0x000000008b1415c8}: 'java.lang.Object java.lang.invoke.DirectMethodHandle$Holder.invokeStaticInit(java.lang.Object, java.lang.Object, java.lang.Object, java.lang.Object)'> (0x000000008b1415c8) thrown at [./src/hotspot/share/interpreter/linkResolver.cpp, line 773]
Event: 16.101 Thread 0x000001da80aac000 Exception <a 'java/lang/NoSuchMethodError'{0x000000008a4230a0}: 'int java.lang.invoke.DirectMethodHandle$Holder.invokeStaticInit(java.lang.Object, java.lang.Object, java.lang.Object, java.lang.Object)'> (0x000000008a4230a0) thrown at [./src/hotspot/share/interpreter/linkResolver.cpp, line 773]

Events (20 events):
Event: 16.887 loading class org/jetbrains/kotlin/descriptors/impl/EnumEntrySyntheticClassDescriptor$EnumEntryScope$1 done
Event: 16.888 loading class org/jetbrains/kotlin/descriptors/impl/EnumEntrySyntheticClassDescriptor$EnumEntryScope$2
Event: 16.888 loading class org/jetbrains/kotlin/descriptors/impl/EnumEntrySyntheticClassDescriptor$EnumEntryScope$2 done
Event: 16.888 loading class org/jetbrains/kotlin/descriptors/impl/EnumEntrySyntheticClassDescriptor$EnumEntryScope$3
Event: 16.888 loading class org/jetbrains/kotlin/descriptors/impl/EnumEntrySyntheticClassDescriptor$EnumEntryScope$3 done
Event: 16.888 loading class org/jetbrains/kotlin/ir/expressions/impl/IrGetEnumValueImpl
Event: 16.888 loading class org/jetbrains/kotlin/ir/expressions/impl/IrGetEnumValueImpl done
Event: 16.889 loading class org/jetbrains/kotlin/ir/expressions/IrGetEnumValue
Event: 16.889 loading class org/jetbrains/kotlin/ir/expressions/IrGetEnumValue done
Event: 16.889 loading class org/jetbrains/kotlin/ir/expressions/IrGetSingletonValue
Event: 16.889 loading class org/jetbrains/kotlin/ir/expressions/IrGetSingletonValue done
Event: 16.889 loading class org/jetbrains/kotlin/ir/symbols/impl/IrEnumEntryPublicSymbolImpl
Event: 16.889 loading class org/jetbrains/kotlin/ir/symbols/impl/IrEnumEntryPublicSymbolImpl done
Event: 16.890 loading class org/jetbrains/kotlin/ir/symbols/IrEnumEntrySymbol
Event: 16.890 loading class org/jetbrains/kotlin/ir/symbols/IrEnumEntrySymbol done
Event: 16.917 Executing VM operation: ICBufferFull
Event: 16.918 Executing VM operation: ICBufferFull done
Event: 17.513 Executing VM operation: ICBufferFull
Event: 17.514 Executing VM operation: ICBufferFull done
Event: 17.748 Executing VM operation: G1CollectForAllocation


Dynamic libraries:
0x00007ff685740000 - 0x00007ff68574a000 	C:\Users\admin\AppData\Local\JetBrains\Toolbox\apps\AndroidStudio\ch-0\212.5712.43.2112.8609683\jre\bin\java.exe
0x00007ffe6c8f0000 - 0x00007ffe6cae8000 	C:\WINDOWS\SYSTEM32\ntdll.dll
0x00007ffe6aed0000 - 0x00007ffe6af8d000 	C:\WINDOWS\System32\KERNEL32.DLL
0x00007ffe6a010000 - 0x00007ffe6a2de000 	C:\WINDOWS\System32\KERNELBASE.dll
0x00007ffe6a800000 - 0x00007ffe6a900000 	C:\WINDOWS\System32\ucrtbase.dll
0x00007ffe5f9d0000 - 0x00007ffe5f9e9000 	C:\Users\admin\AppData\Local\JetBrains\Toolbox\apps\AndroidStudio\ch-0\212.5712.43.2112.8609683\jre\bin\jli.dll
0x00007ffe5f9b0000 - 0x00007ffe5f9c7000 	C:\Users\admin\AppData\Local\JetBrains\Toolbox\apps\AndroidStudio\ch-0\212.5712.43.2112.8609683\jre\bin\VCRUNTIME140.dll
0x00007ffe6c680000 - 0x00007ffe6c820000 	C:\WINDOWS\System32\USER32.dll
0x00007ffe6a2e0000 - 0x00007ffe6a302000 	C:\WINDOWS\System32\win32u.dll
0x00007ffe57130000 - 0x00007ffe573ca000 	C:\WINDOWS\WinSxS\amd64_microsoft.windows.common-controls_6595b64144ccf1df_6.0.19041.1110_none_60b5254171f9507e\COMCTL32.dll
0x00007ffe6c820000 - 0x00007ffe6c84a000 	C:\WINDOWS\System32\GDI32.dll
0x00007ffe6af90000 - 0x00007ffe6b02e000 	C:\WINDOWS\System32\msvcrt.dll
0x00007ffe6a540000 - 0x00007ffe6a64b000 	C:\WINDOWS\System32\gdi32full.dll
0x00007ffe6a340000 - 0x00007ffe6a3dd000 	C:\WINDOWS\System32\msvcp_win.dll
0x00007ffe6b390000 - 0x00007ffe6b3c0000 	C:\WINDOWS\System32\IMM32.DLL
0x00007ffe4b3c0000 - 0x00007ffe4b45d000 	C:\Users\admin\AppData\Local\JetBrains\Toolbox\apps\AndroidStudio\ch-0\212.5712.43.2112.8609683\jre\bin\msvcp140.dll
0x00007ffde8fd0000 - 0x00007ffde9ab5000 	C:\Users\admin\AppData\Local\JetBrains\Toolbox\apps\AndroidStudio\ch-0\212.5712.43.2112.8609683\jre\bin\server\jvm.dll
0x00007ffe6c1f0000 - 0x00007ffe6c29e000 	C:\WINDOWS\System32\ADVAPI32.dll
0x00007ffe6c500000 - 0x00007ffe6c59c000 	C:\WINDOWS\System32\sechost.dll
0x00007ffe6b3c0000 - 0x00007ffe6b4e5000 	C:\WINDOWS\System32\RPCRT4.dll
0x00007ffe6b4f0000 - 0x00007ffe6b4f8000 	C:\WINDOWS\System32\PSAPI.DLL
0x00007ffe586a0000 - 0x00007ffe586c7000 	C:\WINDOWS\SYSTEM32\WINMM.dll
0x00007ffe58830000 - 0x00007ffe58839000 	C:\WINDOWS\SYSTEM32\WSOCK32.dll
0x00007ffe67810000 - 0x00007ffe6781a000 	C:\WINDOWS\SYSTEM32\VERSION.dll
0x00007ffe6c120000 - 0x00007ffe6c18b000 	C:\WINDOWS\System32\WS2_32.dll
0x00007ffe67f10000 - 0x00007ffe67f22000 	C:\WINDOWS\SYSTEM32\kernel.appcore.dll
0x00007ffe58080000 - 0x00007ffe58091000 	C:\Users\admin\AppData\Local\JetBrains\Toolbox\apps\AndroidStudio\ch-0\212.5712.43.2112.8609683\jre\bin\verify.dll
0x00007ffe637e0000 - 0x00007ffe639c4000 	C:\WINDOWS\SYSTEM32\DBGHELP.DLL
0x00007ffe61bf0000 - 0x00007ffe61c1c000 	C:\WINDOWS\SYSTEM32\dbgcore.DLL
0x00007ffe6a6c0000 - 0x00007ffe6a742000 	C:\WINDOWS\System32\bcryptPrimitives.dll
0x00007ffe58050000 - 0x00007ffe58079000 	C:\Users\admin\AppData\Local\JetBrains\Toolbox\apps\AndroidStudio\ch-0\212.5712.43.2112.8609683\jre\bin\java.dll
0x00007ffe635b0000 - 0x00007ffe635bb000 	C:\Users\admin\AppData\Local\JetBrains\Toolbox\apps\AndroidStudio\ch-0\212.5712.43.2112.8609683\jre\bin\jimage.dll
0x00007ffe4e450000 - 0x00007ffe4e468000 	C:\Users\admin\AppData\Local\JetBrains\Toolbox\apps\AndroidStudio\ch-0\212.5712.43.2112.8609683\jre\bin\zip.dll
0x00007ffe6b590000 - 0x00007ffe6bcd4000 	C:\WINDOWS\System32\SHELL32.dll
0x00007ffe68110000 - 0x00007ffe688a4000 	C:\WINDOWS\SYSTEM32\windows.storage.dll
0x00007ffe6bce0000 - 0x00007ffe6c034000 	C:\WINDOWS\System32\combase.dll
0x00007ffe69a70000 - 0x00007ffe69aa0000 	C:\WINDOWS\SYSTEM32\Wldp.dll
0x00007ffe6c2a0000 - 0x00007ffe6c34d000 	C:\WINDOWS\System32\SHCORE.dll
0x00007ffe6c190000 - 0x00007ffe6c1e5000 	C:\WINDOWS\System32\shlwapi.dll
0x00007ffe69f50000 - 0x00007ffe69f6f000 	C:\WINDOWS\SYSTEM32\profapi.dll
0x00007ffe4e150000 - 0x00007ffe4e16a000 	C:\Users\admin\AppData\Local\JetBrains\Toolbox\apps\AndroidStudio\ch-0\212.5712.43.2112.8609683\jre\bin\net.dll
0x00007ffe61120000 - 0x00007ffe6122a000 	C:\WINDOWS\SYSTEM32\WINHTTP.dll
0x00007ffe697d0000 - 0x00007ffe6983a000 	C:\WINDOWS\system32\mswsock.dll
0x00007ffe4df30000 - 0x00007ffe4df44000 	C:\Users\admin\AppData\Local\JetBrains\Toolbox\apps\AndroidStudio\ch-0\212.5712.43.2112.8609683\jre\bin\nio.dll

dbghelp: loaded successfully - version: 4.0.5 - missing functions: none
symbol engine: initialized successfully - sym options: 0x614 - pdb path: .;C:\Users\admin\AppData\Local\JetBrains\Toolbox\apps\AndroidStudio\ch-0\212.5712.43.2112.8609683\jre\bin;C:\WINDOWS\SYSTEM32;C:\WINDOWS\WinSxS\amd64_microsoft.windows.common-controls_6595b64144ccf1df_6.0.19041.1110_none_60b5254171f9507e;C:\Users\admin\AppData\Local\JetBrains\Toolbox\apps\AndroidStudio\ch-0\212.5712.43.2112.8609683\jre\bin\server

VM Arguments:
java_command: org.jetbrains.kotlin.cli.jvm.K2JVMCompiler @C:\Users\admin\AndroidStudioProjects\ConsolatasAppartments\app\build\20220812_13867519587514149994.compiler.options
java_class_path (initial): C:\Users\admin\.gradle\caches\modules-2\files-2.1\org.jetbrains.kotlin\kotlin-compiler-embeddable\1.6.10\88f2073f4020cdb83132cfe940ceb9a60aba54ea\kotlin-compiler-embeddable-1.6.10.jar;C:\Users\admin\.gradle\caches\modules-2\files-2.1\org.jetbrains.kotlin\kotlin-reflect\1.6.10\1cbe9c92c12a94eea200d23c2bbaedaf3daf5132\kotlin-reflect-1.6.10.jar;C:\Users\admin\.gradle\caches\modules-2\files-2.1\org.jetbrains.kotlin\kotlin-stdlib\1.6.10\b8af3fe6f1ca88526914929add63cf5e7c5049af\kotlin-stdlib-1.6.10.jar;C:\Users\admin\.gradle\caches\modules-2\files-2.1\org.jetbrains.kotlin\kotlin-script-runtime\1.6.10\d0a7ff2e2500ef497ed0214ae40ad3c8387a6164\kotlin-script-runtime-1.6.10.jar;C:\Users\admin\.gradle\caches\modules-2\files-2.1\org.jetbrains.kotlin\kotlin-daemon-embeddable\1.6.10\a56d79bcbea411fa6058e4ecffc2de73e742bd2a\kotlin-daemon-embeddable-1.6.10.jar;C:\Users\admin\.gradle\caches\modules-2\files-2.1\org.jetbrains.intellij.deps\trove4j\1.0.20181211\216c2e14b070f334479d800987affe4054cd563f\trove4j-1.0.20181211.jar;C:\Users\admin\.gradle\caches\modules-2\files-2.1\net.java.dev.jna\jna\5.6.0\330f2244e9030119ab3030fc3fededc86713d9cc\jna-5.6.0.jar;C:\Users\admin\.gradle\caches\modules-2\files-2.1\org.jetbrains\annotations\13.0\919f0dfe192fb4e063e7dacadee7f8bb9a2672a9\annotations-13.0.jar;C:\Users\admin\.gradle\caches\modules-2\files-2.1\org.jetbrains.kotlin\kotlin-stdlib-common\1.6.10\c118700e3a33c8a0d9adc920e9dec0831171925\kotlin-stdlib-common-1.6.10.jar
Launcher Type: SUN_STANDARD

[Global flags]
     intx CICompilerCount                          = 3                                         {product} {ergonomic}
     uint ConcGCThreads                            = 1                                         {product} {ergonomic}
     uint G1ConcRefinementThreads                  = 4                                         {product} {ergonomic}
   size_t G1HeapRegionSize                         = 1048576                                   {product} {ergonomic}
    uintx GCDrainStackTargetSize                   = 64                                        {product} {ergonomic}
   size_t InitialHeapSize                          = 134217728                                 {product} {ergonomic}
   size_t MarkStackSize                            = 4194304                                   {product} {ergonomic}
   size_t MaxHeapSize                              = 2116026368                                {product} {ergonomic}
   size_t MaxNewSize                               = 1268776960                                {product} {ergonomic}
   size_t MinHeapDeltaBytes                        = 1048576                                   {product} {ergonomic}
    uintx NonNMethodCodeHeapSize                   = 5830732                                {pd product} {ergonomic}
    uintx NonProfiledCodeHeapSize                  = 122913754                              {pd product} {ergonomic}
    uintx ProfiledCodeHeapSize                     = 122913754                              {pd product} {ergonomic}
    uintx ReservedCodeCacheSize                    = 251658240                              {pd product} {ergonomic}
     bool SegmentedCodeCache                       = true                                      {product} {ergonomic}
     bool UseCompressedClassPointers               = true                                 {lp64_product} {ergonomic}
     bool UseCompressedOops                        = true                                 {lp64_product} {ergonomic}
     bool UseG1GC                                  = true                                      {product} {ergonomic}
     bool UseLargePagesIndividualAllocation        = false                                  {pd product} {ergonomic}

Logging:
Log output configuration:
 #0: stdout all=warning uptime,level,tags
 #1: stderr all=off uptime,level,tags

Environment Variables:
PATH=C:\WINDOWS\system32;C:\WINDOWS;C:\WINDOWS\System32\Wbem;C:\WINDOWS\System32\WindowsPowerShell\v1.0\;C:\WINDOWS\System32\OpenSSH\;C:\Program Files\Git\cmd;C:\Users\admin\AppData\Local\Microsoft\WindowsApps;C:\Program Files\JetBrains\PhpStorm 2022.1.1\bin;C:\Users\admin\AppData\Local\JetBrains\Toolbox\scripts
USERNAME=Cess
OS=Windows_NT
PROCESSOR_IDENTIFIER=Intel64 Family 6 Model 61 Stepping 4, GenuineIntel



---------------  S Y S T E M  ---------------

OS: Windows 10 , 64 bit Build 19041 (10.0.19041.1806)
OS uptime: 9 days 21:20 hours

CPU:total 4 (initial active 4) (2 cores per cpu, 2 threads per core) family 6 model 61 stepping 4 microcode 0x2d, cmov, cx8, fxsr, mmx, sse, sse2, sse3, ssse3, sse4.1, sse4.2, popcnt, avx, avx2, aes, clmul, erms, rtm, 3dnowpref, lzcnt, ht, tsc, tscinvbit, bmi1, bmi2, adx, fma

Memory: 4k page, system-wide physical 8067M (629M free)
TotalPageFile size 14773M (AvailPageFile size 18M)
current process WorkingSet (physical memory assigned to process): 339M, peak: 339M
current process commit charge ("private bytes"): 383M, peak: 414M

vm_info: OpenJDK 64-Bit Server VM (11.0.12+7-b1504.28-7817840) for windows-amd64 JRE (11.0.12+7-b1504.28-7817840), built on Oct 13 2021 22:12:33 by "builder" with MS VC++ 14.0 (VS2015)

END.
