#
# There is insufficient memory for the Java Runtime Environment to continue.
# Native memory allocation (malloc) failed to allocate 972976 bytes for Chunk::new
# Possible reasons:
#   The system is out of physical RAM or swap space
#   The process is running with CompressedOops enabled, and the Java Heap may be blocking the growth of the native heap
# Possible solutions:
#   Reduce memory load on the system
#   Increase physical memory or swap space
#   Check if swap backing store is full
#   Decrease Java heap size (-Xmx/-Xms)
#   Decrease number of Java threads
#   Decrease Java thread stack sizes (-Xss)
#   Set larger code cache with -XX:ReservedCodeCacheSize=
#   JVM is running with Unscaled Compressed Oops mode in which the Java heap is
#     placed in the first 4GB address space. The Java Heap base address is the
#     maximum limit for the native heap growth. Please use -XX:HeapBaseMinAddress
#     to set the Java Heap base and to place the Java Heap above 4GB virtual address.
# This output file may be truncated or incomplete.
#
#  Out of Memory Error (./src/hotspot/share/memory/arena.cpp:197), pid=21428, tid=19292
#
# JRE version: OpenJDK Runtime Environment (11.0.12+7) (build 11.0.12+7-b1504.28-7817840)
# Java VM: OpenJDK 64-Bit Server VM (11.0.12+7-b1504.28-7817840, mixed mode, tiered, compressed oops, g1 gc, windows-amd64)
# No core dump will be written. Minidumps are not enabled by default on client versions of Windows
#

---------------  S U M M A R Y ------------

Command Line: org.jetbrains.kotlin.cli.jvm.K2JVMCompiler @C:\Users\admin\AndroidStudioProjects\ConsolatasAppartments\app\build\20220812_6763336859003498310.compiler.options

Host: Intel(R) Core(TM) i5-5300U CPU @ 2.30GHz, 4 cores, 7G,  Windows 10 , 64 bit Build 19041 (10.0.19041.1806)
Time: Fri Aug 12 22:25:33 2022 E. Africa Standard Time elapsed time: 14.428238 seconds (0d 0h 0m 14s)

---------------  T H R E A D  ---------------

Current thread (0x000002abde2b9800):  JavaThread "C2 CompilerThread0" daemon [_thread_in_native, id=19292, stack(0x000000adafa00000,0x000000adafb00000)]


Current CompileTask:
C2:  14428 8432       4       org.jetbrains.org.objectweb.asm.ClassReader::accept (1380 bytes)

Stack: [0x000000adafa00000,0x000000adafb00000]
Native frames: (J=compiled Java code, j=interpreted, Vv=VM code, C=native code)
V  [jvm.dll+0x5fbcea]
V  [jvm.dll+0x731905]
V  [jvm.dll+0x732f1d]
V  [jvm.dll+0x7335d3]
V  [jvm.dll+0x247bf8]
V  [jvm.dll+0xc018c]
V  [jvm.dll+0xc06cc]
V  [jvm.dll+0x35b2db]
V  [jvm.dll+0x328803]
V  [jvm.dll+0x327cfa]
V  [jvm.dll+0x200602]
V  [jvm.dll+0x1ff794]
V  [jvm.dll+0x18868c]
V  [jvm.dll+0x20e0d7]
V  [jvm.dll+0x20c901]
V  [jvm.dll+0x6f9b7f]
V  [jvm.dll+0x6f26a5]
V  [jvm.dll+0x5fabf6]
C  [ucrtbase.dll+0x21bb2]
C  [KERNEL32.DLL+0x17034]
C  [ntdll.dll+0x52651]


---------------  P R O C E S S  ---------------

Threads class SMR info:
_java_thread_list=0x000002abe2157a90, length=11, elements={
0x000002abc3fdc800, 0x000002abde287800, 0x000002abde288000, 0x000002abde2a5800,
0x000002abde2a7800, 0x000002abde2a9800, 0x000002abde2b9800, 0x000002abde2ba800,
0x000002abde2bd000, 0x000002abded66000, 0x000002abe2191000
}

Java Threads: ( => current thread )
  0x000002abc3fdc800 JavaThread "main" [_thread_in_vm, id=11352, stack(0x000000adaee00000,0x000000adaef00000)]
  0x000002abde287800 JavaThread "Reference Handler" daemon [_thread_blocked, id=21476, stack(0x000000adaf500000,0x000000adaf600000)]
  0x000002abde288000 JavaThread "Finalizer" daemon [_thread_blocked, id=21480, stack(0x000000adaf600000,0x000000adaf700000)]
  0x000002abde2a5800 JavaThread "Signal Dispatcher" daemon [_thread_blocked, id=10668, stack(0x000000adaf700000,0x000000adaf800000)]
  0x000002abde2a7800 JavaThread "Attach Listener" daemon [_thread_blocked, id=6340, stack(0x000000adaf800000,0x000000adaf900000)]
  0x000002abde2a9800 JavaThread "Service Thread" daemon [_thread_blocked, id=16720, stack(0x000000adaf900000,0x000000adafa00000)]
=>0x000002abde2b9800 JavaThread "C2 CompilerThread0" daemon [_thread_in_native, id=19292, stack(0x000000adafa00000,0x000000adafb00000)]
  0x000002abde2ba800 JavaThread "C1 CompilerThread0" daemon [_thread_blocked, id=18568, stack(0x000000adafb00000,0x000000adafc00000)]
  0x000002abde2bd000 JavaThread "Sweeper thread" daemon [_thread_blocked, id=21308, stack(0x000000adafc00000,0x000000adafd00000)]
  0x000002abded66000 JavaThread "Common-Cleaner" daemon [_thread_blocked, id=14716, stack(0x000000adafe00000,0x000000adaff00000)]
  0x000002abe2191000 JavaThread "C2 CompilerThread1" daemon [_thread_in_vm, id=18804, stack(0x000000adaff00000,0x000000adb0000000)]

Other Threads:
  0x000002abde262800 VMThread "VM Thread" [stack: 0x000000adaf400000,0x000000adaf500000] [id=14488]
  0x000002abded5d800 WatcherThread [stack: 0x000000adafd00000,0x000000adafe00000] [id=15128]
  0x000002abc3ff4800 GCTaskThread "GC Thread#0" [stack: 0x000000adaef00000,0x000000adaf000000] [id=4780]
  0x000002abdf232800 GCTaskThread "GC Thread#1" [stack: 0x000000adb0000000,0x000000adb0100000] [id=3140]
  0x000002abdf105800 GCTaskThread "GC Thread#2" [stack: 0x000000adb0100000,0x000000adb0200000] [id=13816]
  0x000002abc4024000 ConcurrentGCThread "G1 Main Marker" [stack: 0x000000adaf000000,0x000000adaf100000] [id=8224]
  0x000002abc4025800 ConcurrentGCThread "G1 Conc#0" [stack: 0x000000adaf100000,0x000000adaf200000] [id=11812]
  0x000002abc40bb000 ConcurrentGCThread "G1 Refine#0" [stack: 0x000000adaf200000,0x000000adaf300000] [id=12728]
  0x000002abc40bc000 ConcurrentGCThread "G1 Young RemSet Sampling" [stack: 0x000000adaf300000,0x000000adaf400000] [id=18624]

Threads with active compile tasks:
C2 CompilerThread0  14463 8432       4       org.jetbrains.org.objectweb.asm.ClassReader::accept (1380 bytes)
C2 CompilerThread1  14463 8476       4       org.jetbrains.org.objectweb.asm.ClassReader::readMethod (1061 bytes)

VM state:not at safepoint (normal execution)

VM Mutex/Monitor currently owned by a thread: None

Heap address: 0x0000000081e00000, size: 2018 MB, Compressed Oops mode: 32-bit
Narrow klass base: 0x0000000000000000, Narrow klass shift: 3
Compressed class space size: 1073741824 Address: 0x0000000100000000

Heap:
 garbage-first heap   total 157696K, used 76715K [0x0000000081e00000, 0x0000000100000000)
  region size 1024K, 34 young (34816K), 8 survivors (8192K)
 Metaspace       used 67545K, capacity 68357K, committed 68480K, reserved 1110016K
  class space    used 7678K, capacity 7999K, committed 8064K, reserved 1048576K
Heap Regions: E=young(eden), S=young(survivor), O=old, HS=humongous(starts), HC=humongous(continues), CS=collection set, F=free, A=archive, TAMS=top-at-mark-start (previous, next)
|   0|0x0000000081e00000, 0x0000000081f00000, 0x0000000081f00000|100%|HS|  |TAMS 0x0000000081f00000, 0x0000000081e00000| Complete 
|   1|0x0000000081f00000, 0x0000000082000000, 0x0000000082000000|100%|HC|  |TAMS 0x0000000082000000, 0x0000000081f00000| Complete 
|   2|0x0000000082000000, 0x0000000082100000, 0x0000000082100000|100%|HC|  |TAMS 0x0000000082100000, 0x0000000082000000| Complete 
|   3|0x0000000082100000, 0x0000000082200000, 0x0000000082200000|100%| O|  |TAMS 0x0000000082200000, 0x0000000082100000| Untracked 
|   4|0x0000000082200000, 0x0000000082300000, 0x0000000082300000|100%| O|  |TAMS 0x0000000082300000, 0x0000000082200000| Untracked 
|   5|0x0000000082300000, 0x0000000082400000, 0x0000000082400000|100%|HS|  |TAMS 0x0000000082400000, 0x0000000082300000| Complete 
|   6|0x0000000082400000, 0x0000000082500000, 0x0000000082500000|100%|HC|  |TAMS 0x0000000082500000, 0x0000000082400000| Complete 
|   7|0x0000000082500000, 0x0000000082600000, 0x0000000082600000|100%|HC|  |TAMS 0x0000000082600000, 0x0000000082500000| Complete 
|   8|0x0000000082600000, 0x0000000082700000, 0x0000000082700000|100%|HS|  |TAMS 0x0000000082700000, 0x0000000082600000| Complete 
|   9|0x0000000082700000, 0x0000000082800000, 0x0000000082800000|100%|HC|  |TAMS 0x0000000082800000, 0x0000000082700000| Complete 
|  10|0x0000000082800000, 0x0000000082900000, 0x0000000082900000|100%| O|  |TAMS 0x0000000082900000, 0x0000000082800000| Untracked 
|  11|0x0000000082900000, 0x0000000082a00000, 0x0000000082a00000|100%| O|  |TAMS 0x0000000082a00000, 0x0000000082900000| Untracked 
|  12|0x0000000082a00000, 0x0000000082b00000, 0x0000000082b00000|100%| O|  |TAMS 0x0000000082b00000, 0x0000000082a00000| Untracked 
|  13|0x0000000082b00000, 0x0000000082c00000, 0x0000000082c00000|100%| O|  |TAMS 0x0000000082c00000, 0x0000000082b00000| Untracked 
|  14|0x0000000082c00000, 0x0000000082d00000, 0x0000000082d00000|100%| O|  |TAMS 0x0000000082d00000, 0x0000000082c00000| Untracked 
|  15|0x0000000082d00000, 0x0000000082e00000, 0x0000000082e00000|100%| O|  |TAMS 0x0000000082e00000, 0x0000000082d00000| Untracked 
|  16|0x0000000082e00000, 0x0000000082f00000, 0x0000000082f00000|100%| O|  |TAMS 0x0000000082f00000, 0x0000000082e00000| Untracked 
|  17|0x0000000082f00000, 0x0000000083000000, 0x0000000083000000|100%| O|  |TAMS 0x0000000083000000, 0x0000000082f00000| Untracked 
|  18|0x0000000083000000, 0x0000000083100000, 0x0000000083100000|100%| O|  |TAMS 0x0000000083100000, 0x0000000083000000| Untracked 
|  19|0x0000000083100000, 0x0000000083200000, 0x0000000083200000|100%| O|  |TAMS 0x00000000831e3000, 0x0000000083100000| Untracked 
|  20|0x0000000083200000, 0x0000000083300000, 0x0000000083300000|100%| O|  |TAMS 0x0000000083200000, 0x0000000083200000| Untracked 
|  21|0x0000000083300000, 0x0000000083400000, 0x0000000083400000|100%| O|  |TAMS 0x0000000083300000, 0x0000000083300000| Untracked 
|  22|0x0000000083400000, 0x0000000083500000, 0x0000000083500000|100%| O|  |TAMS 0x0000000083400000, 0x0000000083400000| Untracked 
|  23|0x0000000083500000, 0x0000000083600000, 0x0000000083600000|100%| O|  |TAMS 0x0000000083500000, 0x0000000083500000| Untracked 
|  24|0x0000000083600000, 0x0000000083700000, 0x0000000083700000|100%| O|  |TAMS 0x0000000083600000, 0x0000000083600000| Untracked 
|  25|0x0000000083700000, 0x0000000083800000, 0x0000000083800000|100%| O|  |TAMS 0x0000000083700000, 0x0000000083700000| Untracked 
|  26|0x0000000083800000, 0x0000000083900000, 0x0000000083900000|100%| O|  |TAMS 0x0000000083800000, 0x0000000083800000| Untracked 
|  27|0x0000000083900000, 0x0000000083a00000, 0x0000000083a00000|100%| O|  |TAMS 0x0000000083900000, 0x0000000083900000| Untracked 
|  28|0x0000000083a00000, 0x0000000083b00000, 0x0000000083b00000|100%| O|  |TAMS 0x0000000083a00000, 0x0000000083a00000| Untracked 
|  29|0x0000000083b00000, 0x0000000083c00000, 0x0000000083c00000|100%| O|  |TAMS 0x0000000083b00000, 0x0000000083b00000| Untracked 
|  30|0x0000000083c00000, 0x0000000083d00000, 0x0000000083d00000|100%| O|  |TAMS 0x0000000083c00000, 0x0000000083c00000| Untracked 
|  31|0x0000000083d00000, 0x0000000083e00000, 0x0000000083e00000|100%| O|  |TAMS 0x0000000083d00000, 0x0000000083d00000| Untracked 
|  32|0x0000000083e00000, 0x0000000083f00000, 0x0000000083f00000|100%| O|  |TAMS 0x0000000083e00000, 0x0000000083e00000| Untracked 
|  33|0x0000000083f00000, 0x0000000084000000, 0x0000000084000000|100%| O|  |TAMS 0x0000000083f00000, 0x0000000083f00000| Untracked 
|  34|0x0000000084000000, 0x0000000084100000, 0x0000000084100000|100%| O|  |TAMS 0x0000000084000000, 0x0000000084000000| Untracked 
|  35|0x0000000084100000, 0x0000000084200000, 0x0000000084200000|100%| O|  |TAMS 0x0000000084100000, 0x0000000084100000| Untracked 
|  36|0x0000000084200000, 0x0000000084300000, 0x0000000084300000|100%| O|  |TAMS 0x0000000084200000, 0x0000000084200000| Untracked 
|  37|0x0000000084300000, 0x0000000084400000, 0x0000000084400000|100%| O|  |TAMS 0x0000000084300000, 0x0000000084300000| Untracked 
|  38|0x0000000084400000, 0x0000000084500000, 0x0000000084500000|100%| O|  |TAMS 0x0000000084400000, 0x0000000084400000| Untracked 
|  39|0x0000000084500000, 0x0000000084600000, 0x0000000084600000|100%| O|  |TAMS 0x0000000084500000, 0x0000000084500000| Untracked 
|  40|0x0000000084600000, 0x0000000084700000, 0x0000000084700000|100%| O|  |TAMS 0x0000000084600000, 0x0000000084600000| Untracked 
|  41|0x0000000084700000, 0x0000000084800000, 0x0000000084800000|100%| O|  |TAMS 0x0000000084700000, 0x0000000084700000| Untracked 
|  42|0x0000000084800000, 0x000000008486ac00, 0x0000000084900000| 41%| O|  |TAMS 0x0000000084800000, 0x0000000084800000| Untracked 
|  43|0x0000000084900000, 0x0000000084900000, 0x0000000084a00000|  0%| F|  |TAMS 0x0000000084900000, 0x0000000084900000| Untracked 
|  44|0x0000000084a00000, 0x0000000084a00000, 0x0000000084b00000|  0%| F|  |TAMS 0x0000000084a00000, 0x0000000084a00000| Untracked 
|  45|0x0000000084b00000, 0x0000000084b00000, 0x0000000084c00000|  0%| F|  |TAMS 0x0000000084b00000, 0x0000000084b00000| Untracked 
|  46|0x0000000084c00000, 0x0000000084c00000, 0x0000000084d00000|  0%| F|  |TAMS 0x0000000084c00000, 0x0000000084c00000| Untracked 
|  47|0x0000000084d00000, 0x0000000084d00000, 0x0000000084e00000|  0%| F|  |TAMS 0x0000000084d00000, 0x0000000084d00000| Untracked 
|  48|0x0000000084e00000, 0x0000000084e00000, 0x0000000084f00000|  0%| F|  |TAMS 0x0000000084e00000, 0x0000000084e00000| Untracked 
|  49|0x0000000084f00000, 0x0000000084f00000, 0x0000000085000000|  0%| F|  |TAMS 0x0000000084f00000, 0x0000000084f00000| Untracked 
|  50|0x0000000085000000, 0x0000000085000000, 0x0000000085100000|  0%| F|  |TAMS 0x0000000085000000, 0x0000000085000000| Untracked 
|  51|0x0000000085100000, 0x0000000085100000, 0x0000000085200000|  0%| F|  |TAMS 0x0000000085100000, 0x0000000085100000| Untracked 
|  52|0x0000000085200000, 0x0000000085200000, 0x0000000085300000|  0%| F|  |TAMS 0x0000000085200000, 0x0000000085200000| Untracked 
|  53|0x0000000085300000, 0x0000000085300000, 0x0000000085400000|  0%| F|  |TAMS 0x0000000085300000, 0x0000000085300000| Untracked 
|  54|0x0000000085400000, 0x0000000085400000, 0x0000000085500000|  0%| F|  |TAMS 0x0000000085400000, 0x0000000085400000| Untracked 
|  55|0x0000000085500000, 0x0000000085500000, 0x0000000085600000|  0%| F|  |TAMS 0x0000000085500000, 0x0000000085500000| Untracked 
|  56|0x0000000085600000, 0x0000000085600000, 0x0000000085700000|  0%| F|  |TAMS 0x0000000085600000, 0x0000000085600000| Untracked 
|  57|0x0000000085700000, 0x0000000085700000, 0x0000000085800000|  0%| F|  |TAMS 0x0000000085700000, 0x0000000085700000| Untracked 
|  58|0x0000000085800000, 0x0000000085800000, 0x0000000085900000|  0%| F|  |TAMS 0x0000000085800000, 0x0000000085800000| Untracked 
|  59|0x0000000085900000, 0x0000000085900000, 0x0000000085a00000|  0%| F|  |TAMS 0x0000000085900000, 0x0000000085900000| Untracked 
|  60|0x0000000085a00000, 0x0000000085a00000, 0x0000000085b00000|  0%| F|  |TAMS 0x0000000085a00000, 0x0000000085a00000| Untracked 
|  61|0x0000000085b00000, 0x0000000085b00000, 0x0000000085c00000|  0%| F|  |TAMS 0x0000000085b00000, 0x0000000085b00000| Untracked 
|  62|0x0000000085c00000, 0x0000000085c00000, 0x0000000085d00000|  0%| F|  |TAMS 0x0000000085c00000, 0x0000000085c00000| Untracked 
|  63|0x0000000085d00000, 0x0000000085d00000, 0x0000000085e00000|  0%| F|  |TAMS 0x0000000085d00000, 0x0000000085d00000| Untracked 
|  64|0x0000000085e00000, 0x0000000085e00000, 0x0000000085f00000|  0%| F|  |TAMS 0x0000000085e00000, 0x0000000085e00000| Untracked 
|  65|0x0000000085f00000, 0x0000000085f00000, 0x0000000086000000|  0%| F|  |TAMS 0x0000000085f00000, 0x0000000085f00000| Untracked 
|  66|0x0000000086000000, 0x0000000086000000, 0x0000000086100000|  0%| F|  |TAMS 0x0000000086000000, 0x0000000086000000| Untracked 
|  67|0x0000000086100000, 0x0000000086100000, 0x0000000086200000|  0%| F|  |TAMS 0x0000000086100000, 0x0000000086100000| Untracked 
|  68|0x0000000086200000, 0x0000000086200000, 0x0000000086300000|  0%| F|  |TAMS 0x0000000086200000, 0x0000000086200000| Untracked 
|  69|0x0000000086300000, 0x0000000086300000, 0x0000000086400000|  0%| F|  |TAMS 0x0000000086300000, 0x0000000086300000| Untracked 
|  70|0x0000000086400000, 0x0000000086400000, 0x0000000086500000|  0%| F|  |TAMS 0x0000000086400000, 0x0000000086400000| Untracked 
|  71|0x0000000086500000, 0x0000000086500000, 0x0000000086600000|  0%| F|  |TAMS 0x0000000086500000, 0x0000000086500000| Untracked 
|  72|0x0000000086600000, 0x0000000086600000, 0x0000000086700000|  0%| F|  |TAMS 0x0000000086600000, 0x0000000086600000| Untracked 
|  73|0x0000000086700000, 0x0000000086700000, 0x0000000086800000|  0%| F|  |TAMS 0x0000000086700000, 0x0000000086700000| Untracked 
|  74|0x0000000086800000, 0x0000000086800000, 0x0000000086900000|  0%| F|  |TAMS 0x0000000086800000, 0x0000000086800000| Untracked 
|  75|0x0000000086900000, 0x0000000086900000, 0x0000000086a00000|  0%| F|  |TAMS 0x0000000086900000, 0x0000000086900000| Untracked 
|  76|0x0000000086a00000, 0x0000000086a00000, 0x0000000086b00000|  0%| F|  |TAMS 0x0000000086a00000, 0x0000000086a00000| Untracked 
|  77|0x0000000086b00000, 0x0000000086b00000, 0x0000000086c00000|  0%| F|  |TAMS 0x0000000086b00000, 0x0000000086b00000| Untracked 
|  78|0x0000000086c00000, 0x0000000086c00000, 0x0000000086d00000|  0%| F|  |TAMS 0x0000000086c00000, 0x0000000086c00000| Untracked 
|  79|0x0000000086d00000, 0x0000000086d00000, 0x0000000086e00000|  0%| F|  |TAMS 0x0000000086d00000, 0x0000000086d00000| Untracked 
|  80|0x0000000086e00000, 0x0000000086e00000, 0x0000000086f00000|  0%| F|  |TAMS 0x0000000086e00000, 0x0000000086e00000| Untracked 
|  81|0x0000000086f00000, 0x0000000086f00000, 0x0000000087000000|  0%| F|  |TAMS 0x0000000086f00000, 0x0000000086f00000| Untracked 
|  82|0x0000000087000000, 0x0000000087080000, 0x0000000087100000| 50%| S|CS|TAMS 0x0000000087000000, 0x0000000087000000| Complete 
|  83|0x0000000087100000, 0x0000000087200000, 0x0000000087200000|100%| S|CS|TAMS 0x0000000087100000, 0x0000000087100000| Complete 
|  84|0x0000000087200000, 0x0000000087300000, 0x0000000087300000|100%| S|CS|TAMS 0x0000000087200000, 0x0000000087200000| Complete 
|  85|0x0000000087300000, 0x0000000087400000, 0x0000000087400000|100%| S|CS|TAMS 0x0000000087300000, 0x0000000087300000| Complete 
|  86|0x0000000087400000, 0x0000000087500000, 0x0000000087500000|100%| S|CS|TAMS 0x0000000087400000, 0x0000000087400000| Complete 
|  87|0x0000000087500000, 0x0000000087600000, 0x0000000087600000|100%| S|CS|TAMS 0x0000000087500000, 0x0000000087500000| Complete 
|  88|0x0000000087600000, 0x0000000087700000, 0x0000000087700000|100%| S|CS|TAMS 0x0000000087600000, 0x0000000087600000| Complete 
|  89|0x0000000087700000, 0x0000000087800000, 0x0000000087800000|100%| S|CS|TAMS 0x0000000087700000, 0x0000000087700000| Complete 
|  90|0x0000000087800000, 0x0000000087800000, 0x0000000087900000|  0%| F|  |TAMS 0x0000000087800000, 0x0000000087800000| Untracked 
|  91|0x0000000087900000, 0x0000000087900000, 0x0000000087a00000|  0%| F|  |TAMS 0x0000000087900000, 0x0000000087900000| Untracked 
|  92|0x0000000087a00000, 0x0000000087a00000, 0x0000000087b00000|  0%| F|  |TAMS 0x0000000087a00000, 0x0000000087a00000| Untracked 
|  93|0x0000000087b00000, 0x0000000087b00000, 0x0000000087c00000|  0%| F|  |TAMS 0x0000000087b00000, 0x0000000087b00000| Untracked 
|  94|0x0000000087c00000, 0x0000000087c00000, 0x0000000087d00000|  0%| F|  |TAMS 0x0000000087c00000, 0x0000000087c00000| Untracked 
|  95|0x0000000087d00000, 0x0000000087d00000, 0x0000000087e00000|  0%| F|  |TAMS 0x0000000087d00000, 0x0000000087d00000| Untracked 
|  96|0x0000000087e00000, 0x0000000087e00000, 0x0000000087f00000|  0%| F|  |TAMS 0x0000000087e00000, 0x0000000087e00000| Untracked 
|  97|0x0000000087f00000, 0x0000000087f00000, 0x0000000088000000|  0%| F|  |TAMS 0x0000000087f00000, 0x0000000087f00000| Untracked 
|  98|0x0000000088000000, 0x0000000088000000, 0x0000000088100000|  0%| F|  |TAMS 0x0000000088000000, 0x0000000088000000| Untracked 
|  99|0x0000000088100000, 0x0000000088100000, 0x0000000088200000|  0%| F|  |TAMS 0x0000000088100000, 0x0000000088100000| Untracked 
| 100|0x0000000088200000, 0x0000000088200000, 0x0000000088300000|  0%| F|  |TAMS 0x0000000088200000, 0x0000000088200000| Untracked 
| 101|0x0000000088300000, 0x0000000088300000, 0x0000000088400000|  0%| F|  |TAMS 0x0000000088300000, 0x0000000088300000| Untracked 
| 102|0x0000000088400000, 0x0000000088400000, 0x0000000088500000|  0%| F|  |TAMS 0x0000000088400000, 0x0000000088400000| Untracked 
| 103|0x0000000088500000, 0x0000000088500000, 0x0000000088600000|  0%| F|  |TAMS 0x0000000088500000, 0x0000000088500000| Untracked 
| 104|0x0000000088600000, 0x0000000088600000, 0x0000000088700000|  0%| F|  |TAMS 0x0000000088600000, 0x0000000088600000| Untracked 
| 105|0x0000000088700000, 0x0000000088700000, 0x0000000088800000|  0%| F|  |TAMS 0x0000000088700000, 0x0000000088700000| Untracked 
| 106|0x0000000088800000, 0x0000000088800000, 0x0000000088900000|  0%| F|  |TAMS 0x0000000088800000, 0x0000000088800000| Untracked 
| 107|0x0000000088900000, 0x0000000088900000, 0x0000000088a00000|  0%| F|  |TAMS 0x0000000088900000, 0x0000000088900000| Untracked 
| 108|0x0000000088a00000, 0x0000000088a00000, 0x0000000088b00000|  0%| F|  |TAMS 0x0000000088a00000, 0x0000000088a00000| Untracked 
| 109|0x0000000088b00000, 0x0000000088b00000, 0x0000000088c00000|  0%| F|  |TAMS 0x0000000088b00000, 0x0000000088b00000| Untracked 
| 110|0x0000000088c00000, 0x0000000088c00000, 0x0000000088d00000|  0%| F|  |TAMS 0x0000000088c00000, 0x0000000088c00000| Untracked 
| 111|0x0000000088d00000, 0x0000000088d00000, 0x0000000088e00000|  0%| F|  |TAMS 0x0000000088d00000, 0x0000000088d00000| Untracked 
| 112|0x0000000088e00000, 0x0000000088e00000, 0x0000000088f00000|  0%| F|  |TAMS 0x0000000088e00000, 0x0000000088e00000| Untracked 
| 113|0x0000000088f00000, 0x0000000088f00000, 0x0000000089000000|  0%| F|  |TAMS 0x0000000088f00000, 0x0000000088f00000| Untracked 
| 114|0x0000000089000000, 0x0000000089000000, 0x0000000089100000|  0%| F|  |TAMS 0x0000000089000000, 0x0000000089000000| Untracked 
| 115|0x0000000089100000, 0x0000000089100000, 0x0000000089200000|  0%| F|  |TAMS 0x0000000089100000, 0x0000000089100000| Untracked 
| 116|0x0000000089200000, 0x0000000089200000, 0x0000000089300000|  0%| F|  |TAMS 0x0000000089200000, 0x0000000089200000| Untracked 
| 117|0x0000000089300000, 0x0000000089300000, 0x0000000089400000|  0%| F|  |TAMS 0x0000000089300000, 0x0000000089300000| Untracked 
| 118|0x0000000089400000, 0x0000000089400000, 0x0000000089500000|  0%| F|  |TAMS 0x0000000089400000, 0x0000000089400000| Untracked 
| 119|0x0000000089500000, 0x0000000089500000, 0x0000000089600000|  0%| F|  |TAMS 0x0000000089500000, 0x0000000089500000| Untracked 
| 120|0x0000000089600000, 0x0000000089600000, 0x0000000089700000|  0%| F|  |TAMS 0x0000000089600000, 0x0000000089600000| Untracked 
| 121|0x0000000089700000, 0x0000000089700000, 0x0000000089800000|  0%| F|  |TAMS 0x0000000089700000, 0x0000000089700000| Untracked 
| 122|0x0000000089800000, 0x0000000089800000, 0x0000000089900000|  0%| F|  |TAMS 0x0000000089800000, 0x0000000089800000| Untracked 
| 123|0x0000000089900000, 0x0000000089900000, 0x0000000089a00000|  0%| F|  |TAMS 0x0000000089900000, 0x0000000089900000| Untracked 
| 124|0x0000000089a00000, 0x0000000089a00000, 0x0000000089b00000|  0%| F|  |TAMS 0x0000000089a00000, 0x0000000089a00000| Untracked 
| 125|0x0000000089b00000, 0x0000000089b00000, 0x0000000089c00000|  0%| F|  |TAMS 0x0000000089b00000, 0x0000000089b00000| Untracked 
| 126|0x0000000089c00000, 0x0000000089c00000, 0x0000000089d00000|  0%| F|  |TAMS 0x0000000089c00000, 0x0000000089c00000| Untracked 
| 127|0x0000000089d00000, 0x0000000089d00000, 0x0000000089e00000|  0%| F|  |TAMS 0x0000000089d00000, 0x0000000089d00000| Untracked 
| 128|0x0000000089e00000, 0x0000000089e84240, 0x0000000089f00000| 51%| E|  |TAMS 0x0000000089e00000, 0x0000000089e00000| Complete 
| 129|0x0000000089f00000, 0x000000008a000000, 0x000000008a000000|100%| E|CS|TAMS 0x0000000089f00000, 0x0000000089f00000| Complete 
| 130|0x000000008a000000, 0x000000008a100000, 0x000000008a100000|100%| E|CS|TAMS 0x000000008a000000, 0x000000008a000000| Complete 
| 131|0x000000008a100000, 0x000000008a200000, 0x000000008a200000|100%| E|CS|TAMS 0x000000008a100000, 0x000000008a100000| Complete 
| 132|0x000000008a200000, 0x000000008a300000, 0x000000008a300000|100%| E|CS|TAMS 0x000000008a200000, 0x000000008a200000| Complete 
| 133|0x000000008a300000, 0x000000008a400000, 0x000000008a400000|100%| E|CS|TAMS 0x000000008a300000, 0x000000008a300000| Complete 
| 134|0x000000008a400000, 0x000000008a500000, 0x000000008a500000|100%| E|CS|TAMS 0x000000008a400000, 0x000000008a400000| Complete 
| 135|0x000000008a500000, 0x000000008a600000, 0x000000008a600000|100%| E|CS|TAMS 0x000000008a500000, 0x000000008a500000| Complete 
| 136|0x000000008a600000, 0x000000008a700000, 0x000000008a700000|100%| E|CS|TAMS 0x000000008a600000, 0x000000008a600000| Complete 
| 137|0x000000008a700000, 0x000000008a800000, 0x000000008a800000|100%| E|CS|TAMS 0x000000008a700000, 0x000000008a700000| Complete 
| 138|0x000000008a800000, 0x000000008a900000, 0x000000008a900000|100%| E|CS|TAMS 0x000000008a800000, 0x000000008a800000| Complete 
| 139|0x000000008a900000, 0x000000008aa00000, 0x000000008aa00000|100%| E|CS|TAMS 0x000000008a900000, 0x000000008a900000| Complete 
| 140|0x000000008aa00000, 0x000000008ab00000, 0x000000008ab00000|100%| E|CS|TAMS 0x000000008aa00000, 0x000000008aa00000| Complete 
| 141|0x000000008ab00000, 0x000000008ac00000, 0x000000008ac00000|100%| E|CS|TAMS 0x000000008ab00000, 0x000000008ab00000| Complete 
| 142|0x000000008ac00000, 0x000000008ad00000, 0x000000008ad00000|100%| E|CS|TAMS 0x000000008ac00000, 0x000000008ac00000| Complete 
| 143|0x000000008ad00000, 0x000000008ae00000, 0x000000008ae00000|100%| E|CS|TAMS 0x000000008ad00000, 0x000000008ad00000| Complete 
| 144|0x000000008ae00000, 0x000000008af00000, 0x000000008af00000|100%| E|CS|TAMS 0x000000008ae00000, 0x000000008ae00000| Complete 
| 145|0x000000008af00000, 0x000000008b000000, 0x000000008b000000|100%| E|CS|TAMS 0x000000008af00000, 0x000000008af00000| Complete 
| 146|0x000000008b000000, 0x000000008b100000, 0x000000008b100000|100%| E|CS|TAMS 0x000000008b000000, 0x000000008b000000| Complete 
| 147|0x000000008b100000, 0x000000008b200000, 0x000000008b200000|100%| E|CS|TAMS 0x000000008b100000, 0x000000008b100000| Complete 
| 148|0x000000008b200000, 0x000000008b300000, 0x000000008b300000|100%| E|CS|TAMS 0x000000008b200000, 0x000000008b200000| Complete 
| 149|0x000000008b300000, 0x000000008b400000, 0x000000008b400000|100%| E|CS|TAMS 0x000000008b300000, 0x000000008b300000| Complete 
| 150|0x000000008b400000, 0x000000008b500000, 0x000000008b500000|100%| E|CS|TAMS 0x000000008b400000, 0x000000008b400000| Complete 
| 151|0x000000008b500000, 0x000000008b600000, 0x000000008b600000|100%| E|CS|TAMS 0x000000008b500000, 0x000000008b500000| Complete 
| 152|0x000000008b600000, 0x000000008b700000, 0x000000008b700000|100%| E|CS|TAMS 0x000000008b600000, 0x000000008b600000| Complete 
| 153|0x000000008b700000, 0x000000008b800000, 0x000000008b800000|100%| E|CS|TAMS 0x000000008b700000, 0x000000008b700000| Complete 

Card table byte_map: [0x000002abd7520000,0x000002abd7920000] _byte_map_base: 0x000002abd7111000

Marking Bits (Prev, Next): (CMBitMap*) 0x000002abc401b8c0, (CMBitMap*) 0x000002abc401b888
 Prev Bits: [0x000002abd9cb0000, 0x000002abdbc38000)
 Next Bits: [0x000002abd7d20000, 0x000002abd9ca8000)

Polling page: 0x000002abc2690000

Metaspace:

Usage:
  Non-class:     58.94 MB capacity,    58.50 MB (>99%) used,   339.66 KB ( <1%) free+waste,   115.44 KB ( <1%) overhead. 
      Class:      7.81 MB capacity,     7.51 MB ( 96%) used,   262.79 KB (  3%) free+waste,    50.94 KB ( <1%) overhead. 
       Both:     66.75 MB capacity,    66.00 MB ( 99%) used,   602.45 KB ( <1%) free+waste,   166.38 KB ( <1%) overhead. 

Virtual space:
  Non-class space:       60.00 MB reserved,      59.00 MB ( 98%) committed 
      Class space:        1.00 GB reserved,       7.88 MB ( <1%) committed 
             Both:        1.06 GB reserved,      66.88 MB (  6%) committed 

Chunk freelists:
   Non-Class:  58.00 KB
       Class:  1.00 KB
        Both:  59.00 KB

MaxMetaspaceSize: 17179869184.00 GB
CompressedClassSpaceSize: 1.00 GB
Initial GC threshold: 20.80 MB
Current GC threshold: 77.29 MB
CDS: off

CodeHeap 'non-profiled nmethods': size=120064Kb used=3856Kb max_used=3856Kb free=116207Kb
 bounds [0x000002abcf5b0000, 0x000002abcf980000, 0x000002abd6af0000]
CodeHeap 'profiled nmethods': size=120000Kb used=21933Kb max_used=21933Kb free=98066Kb
 bounds [0x000002abc8080000, 0x000002abc95f0000, 0x000002abcf5b0000]
CodeHeap 'non-nmethods': size=5696Kb used=1332Kb max_used=1363Kb free=4363Kb
 bounds [0x000002abc7af0000, 0x000002abc7d60000, 0x000002abc8080000]
 total_blobs=9029 nmethods=8410 adapters=530
 compilation: enabled
              stopped_count=0, restarted_count=0
 full_count=0

Compilation events (20 events):
Event: 14.363 Thread 0x000002abde2ba800 8475       3       org.jetbrains.kotlin.backend.common.serialization.mangle.descriptor.DescriptorMangleComputer::<init> (39 bytes)
Event: 14.364 Thread 0x000002abe2191000 nmethod 8468 0x000002abcf96f090 code [0x000002abcf96f240, 0x000002abcf96f448]
Event: 14.364 Thread 0x000002abe2191000 8472       4       org.jetbrains.kotlin.metadata.ProtoBuf$Function::getSerializedSize (394 bytes)
Event: 14.365 Thread 0x000002abde2ba800 nmethod 8475 0x000002abc95d9190 code [0x000002abc95d9460, 0x000002abc95da0a8]
Event: 14.365 Thread 0x000002abde2ba800 8477       3       kotlin.LazyKt__LazyJVMKt::lazy (106 bytes)
Event: 14.368 Thread 0x000002abde2ba800 nmethod 8477 0x000002abc95da510 code [0x000002abc95da940, 0x000002abc95dc398]
Event: 14.368 Thread 0x000002abde2ba800 8478       2       kotlin.UnsafeLazyImpl::<init> (23 bytes)
Event: 14.368 Thread 0x000002abde2ba800 nmethod 8478 0x000002abc95dcc90 code [0x000002abc95dce80, 0x000002abc95dd1d8]
Event: 14.372 Thread 0x000002abde2ba800 8479       1       org.jetbrains.kotlin.load.kotlin.FileBasedKotlinClass::access$100 (5 bytes)
Event: 14.372 Thread 0x000002abde2ba800 nmethod 8479 0x000002abcf96f590 code [0x000002abcf96f740, 0x000002abcf96f7d8]
Event: 14.373 Thread 0x000002abde2ba800 8480       3       org.jetbrains.kotlin.load.kotlin.FileBasedKotlinClass$3::visitEnd (10 bytes)
Event: 14.373 Thread 0x000002abde2ba800 nmethod 8480 0x000002abc95dd390 code [0x000002abc95dd540, 0x000002abc95dd708]
Event: 14.373 Thread 0x000002abde2ba800 8481       3       java.lang.StringCoding::hasNegatives (25 bytes)
Event: 14.373 Thread 0x000002abde2ba800 nmethod 8481 0x000002abc95dd810 code [0x000002abc95dd9c0, 0x000002abc95ddbd8]
Event: 14.373 Thread 0x000002abde2ba800 8482       3       org.jetbrains.kotlin.backend.common.serialization.mangle.ir.IrExportCheckerVisitorKt::isAnonymous (39 bytes)
Event: 14.374 Thread 0x000002abde2ba800 nmethod 8482 0x000002abc95ddd10 code [0x000002abc95ddf80, 0x000002abc95de7d8]
Event: 14.374 Thread 0x000002abde2ba800 8484       3       org.jetbrains.kotlin.backend.common.serialization.signature.IdSignatureDescriptor$DescriptorBasedSignatureBuilder::isTopLevelPrivate (93 bytes)
Event: 14.376 Thread 0x000002abde2ba800 nmethod 8484 0x000002abc95dea90 code [0x000002abc95dedc0, 0x000002abc95e01a8]
Event: 14.376 Thread 0x000002abde2ba800 8483       3       org.jetbrains.kotlin.backend.common.serialization.mangle.descriptor.DescriptorExportCheckerVisitor::isExported (132 bytes)
Event: 14.378 Thread 0x000002abde2ba800 nmethod 8483 0x000002abc95e0790 code [0x000002abc95e0ac0, 0x000002abc95e1ea8]

GC Heap History (16 events):
Event: 0.793 GC heap before
{Heap before GC invocations=0 (full 0):
 garbage-first heap   total 131072K, used 17408K [0x0000000081e00000, 0x0000000100000000)
  region size 1024K, 14 young (14336K), 0 survivors (0K)
 Metaspace       used 9809K, capacity 9874K, committed 10112K, reserved 1058816K
  class space    used 839K, capacity 885K, committed 896K, reserved 1048576K
}
Event: 0.798 GC heap after
{Heap after GC invocations=1 (full 0):
 garbage-first heap   total 131072K, used 5208K [0x0000000081e00000, 0x0000000100000000)
  region size 1024K, 2 young (2048K), 2 survivors (2048K)
 Metaspace       used 9809K, capacity 9874K, committed 10112K, reserved 1058816K
  class space    used 839K, capacity 885K, committed 896K, reserved 1048576K
}
Event: 2.242 GC heap before
{Heap before GC invocations=1 (full 0):
 garbage-first heap   total 131072K, used 50264K [0x0000000081e00000, 0x0000000100000000)
  region size 1024K, 47 young (48128K), 2 survivors (2048K)
 Metaspace       used 20753K, capacity 20990K, committed 21248K, reserved 1069056K
  class space    used 2199K, capacity 2280K, committed 2304K, reserved 1048576K
}
Event: 2.261 GC heap after
{Heap after GC invocations=2 (full 0):
 garbage-first heap   total 131072K, used 9189K [0x0000000081e00000, 0x0000000100000000)
  region size 1024K, 6 young (6144K), 6 survivors (6144K)
 Metaspace       used 20753K, capacity 20990K, committed 21248K, reserved 1069056K
  class space    used 2199K, capacity 2280K, committed 2304K, reserved 1048576K
}
Event: 3.892 GC heap before
{Heap before GC invocations=3 (full 0):
 garbage-first heap   total 131072K, used 61413K [0x0000000081e00000, 0x0000000100000000)
  region size 1024K, 52 young (53248K), 6 survivors (6144K)
 Metaspace       used 31792K, capacity 32248K, committed 32384K, reserved 1077248K
  class space    used 3985K, capacity 4151K, committed 4224K, reserved 1048576K
}
Event: 3.919 GC heap after
{Heap after GC invocations=4 (full 0):
 garbage-first heap   total 131072K, used 20783K [0x0000000081e00000, 0x0000000100000000)
  region size 1024K, 7 young (7168K), 7 survivors (7168K)
 Metaspace       used 31792K, capacity 32248K, committed 32384K, reserved 1077248K
  class space    used 3985K, capacity 4151K, committed 4224K, reserved 1048576K
}
Event: 4.353 GC heap before
{Heap before GC invocations=4 (full 0):
 garbage-first heap   total 131072K, used 35119K [0x0000000081e00000, 0x0000000100000000)
  region size 1024K, 22 young (22528K), 7 survivors (7168K)
 Metaspace       used 34988K, capacity 35427K, committed 35584K, reserved 1081344K
  class space    used 4335K, capacity 4507K, committed 4608K, reserved 1048576K
}
Event: 4.369 GC heap after
{Heap after GC invocations=5 (full 0):
 garbage-first heap   total 131072K, used 20364K [0x0000000081e00000, 0x0000000100000000)
  region size 1024K, 2 young (2048K), 2 survivors (2048K)
 Metaspace       used 34988K, capacity 35427K, committed 35584K, reserved 1081344K
  class space    used 4335K, capacity 4507K, committed 4608K, reserved 1048576K
}
Event: 6.281 GC heap before
{Heap before GC invocations=6 (full 0):
 garbage-first heap   total 131072K, used 76684K [0x0000000081e00000, 0x0000000100000000)
  region size 1024K, 55 young (56320K), 2 survivors (2048K)
 Metaspace       used 46733K, capacity 47249K, committed 47488K, reserved 1091584K
  class space    used 5532K, capacity 5751K, committed 5760K, reserved 1048576K
}
Event: 6.302 GC heap after
{Heap after GC invocations=7 (full 0):
 garbage-first heap   total 157696K, used 26825K [0x0000000081e00000, 0x0000000100000000)
  region size 1024K, 7 young (7168K), 7 survivors (7168K)
 Metaspace       used 46733K, capacity 47249K, committed 47488K, reserved 1091584K
  class space    used 5532K, capacity 5751K, committed 5760K, reserved 1048576K
}
Event: 8.064 GC heap before
{Heap before GC invocations=8 (full 0):
 garbage-first heap   total 157696K, used 92361K [0x0000000081e00000, 0x0000000100000000)
  region size 1024K, 70 young (71680K), 7 survivors (7168K)
 Metaspace       used 52295K, capacity 52907K, committed 52992K, reserved 1095680K
  class space    used 6071K, capacity 6328K, committed 6400K, reserved 1048576K
}
Event: 8.094 GC heap after
{Heap after GC invocations=9 (full 0):
 garbage-first heap   total 157696K, used 34647K [0x0000000081e00000, 0x0000000100000000)
  region size 1024K, 8 young (8192K), 8 survivors (8192K)
 Metaspace       used 52295K, capacity 52907K, committed 52992K, reserved 1095680K
  class space    used 6071K, capacity 6328K, committed 6400K, reserved 1048576K
}
Event: 10.191 GC heap before
{Heap before GC invocations=9 (full 0):
 garbage-first heap   total 157696K, used 103255K [0x0000000081e00000, 0x0000000100000000)
  region size 1024K, 75 young (76800K), 8 survivors (8192K)
 Metaspace       used 54025K, capacity 54666K, committed 54912K, reserved 1097728K
  class space    used 6143K, capacity 6402K, committed 6528K, reserved 1048576K
}
Event: 10.230 GC heap after
{Heap after GC invocations=10 (full 0):
 garbage-first heap   total 157696K, used 43508K [0x0000000081e00000, 0x0000000100000000)
  region size 1024K, 9 young (9216K), 9 survivors (9216K)
 Metaspace       used 54025K, capacity 54666K, committed 54912K, reserved 1097728K
  class space    used 6143K, capacity 6402K, committed 6528K, reserved 1048576K
}
Event: 13.393 GC heap before
{Heap before GC invocations=10 (full 0):
 garbage-first heap   total 157696K, used 109044K [0x0000000081e00000, 0x0000000100000000)
  region size 1024K, 73 young (74752K), 9 survivors (9216K)
 Metaspace       used 62317K, capacity 63088K, committed 63360K, reserved 1105920K
  class space    used 7133K, capacity 7453K, committed 7552K, reserved 1048576K
}
Event: 13.436 GC heap after
{Heap after GC invocations=11 (full 0):
 garbage-first heap   total 157696K, used 51115K [0x0000000081e00000, 0x0000000100000000)
  region size 1024K, 8 young (8192K), 8 survivors (8192K)
 Metaspace       used 62317K, capacity 63088K, committed 63360K, reserved 1105920K
  class space    used 7133K, capacity 7453K, committed 7552K, reserved 1048576K
}

Deoptimization events (20 events):
Event: 14.347 Thread 0x000002abc3fdc800 Uncommon trap: trap_request=0xffffffc6 fr.pc=0x000002abcf8ead98 relative=0x0000000000000858
Event: 14.347 Thread 0x000002abc3fdc800 Uncommon trap: reason=bimorphic_or_optimized_type_check action=maybe_recompile pc=0x000002abcf8ead98 method=org.jetbrains.kotlin.storage.LockBasedStorageManager$LockBasedLazyValue.invoke()Ljava/lang/Object; @ 24 c2
Event: 14.347 Thread 0x000002abc3fdc800 DEOPT PACKING pc=0x000002abcf8ead98 sp=0x000000adaeefe6f0
Event: 14.347 Thread 0x000002abc3fdc800 DEOPT UNPACKING pc=0x000002abc7b3a1af sp=0x000000adaeefe6a8 mode 2
Event: 14.347 Thread 0x000002abc3fdc800 Uncommon trap: trap_request=0xffffffc6 fr.pc=0x000002abcf8ead98 relative=0x0000000000000858
Event: 14.347 Thread 0x000002abc3fdc800 Uncommon trap: reason=bimorphic_or_optimized_type_check action=maybe_recompile pc=0x000002abcf8ead98 method=org.jetbrains.kotlin.storage.LockBasedStorageManager$LockBasedLazyValue.invoke()Ljava/lang/Object; @ 24 c2
Event: 14.347 Thread 0x000002abc3fdc800 DEOPT PACKING pc=0x000002abcf8ead98 sp=0x000000adaeefe350
Event: 14.348 Thread 0x000002abc3fdc800 DEOPT UNPACKING pc=0x000002abc7b3a1af sp=0x000000adaeefe308 mode 2
Event: 14.352 Thread 0x000002abc3fdc800 Uncommon trap: trap_request=0xffffffc6 fr.pc=0x000002abcf8ead98 relative=0x0000000000000858
Event: 14.352 Thread 0x000002abc3fdc800 Uncommon trap: reason=bimorphic_or_optimized_type_check action=maybe_recompile pc=0x000002abcf8ead98 method=org.jetbrains.kotlin.storage.LockBasedStorageManager$LockBasedLazyValue.invoke()Ljava/lang/Object; @ 24 c2
Event: 14.352 Thread 0x000002abc3fdc800 DEOPT PACKING pc=0x000002abcf8ead98 sp=0x000000adaeefd970
Event: 14.352 Thread 0x000002abc3fdc800 DEOPT UNPACKING pc=0x000002abc7b3a1af sp=0x000000adaeefd928 mode 2
Event: 14.353 Thread 0x000002abc3fdc800 Uncommon trap: trap_request=0xffffff4d fr.pc=0x000002abcf5e4768 relative=0x00000000000001c8
Event: 14.353 Thread 0x000002abc3fdc800 Uncommon trap: reason=unstable_if action=reinterpret pc=0x000002abcf5e4768 method=java.lang.StringCoding.encodeUTF8(B[BZ)[B @ 18 c2
Event: 14.353 Thread 0x000002abc3fdc800 DEOPT PACKING pc=0x000002abcf5e4768 sp=0x000000adaeefdfa0
Event: 14.353 Thread 0x000002abc3fdc800 DEOPT UNPACKING pc=0x000002abc7b3a1af sp=0x000000adaeefdf50 mode 2
Event: 14.353 Thread 0x000002abc3fdc800 Uncommon trap: trap_request=0xffffff4d fr.pc=0x000002abcf5c6b00 relative=0x0000000000000160
Event: 14.353 Thread 0x000002abc3fdc800 Uncommon trap: reason=unstable_if action=reinterpret pc=0x000002abcf5c6b00 method=java.lang.StringCoding.hasNegatives([BII)Z @ 12 c2
Event: 14.353 Thread 0x000002abc3fdc800 DEOPT PACKING pc=0x000002abcf5c6b00 sp=0x000000adaeefdf80
Event: 14.353 Thread 0x000002abc3fdc800 DEOPT UNPACKING pc=0x000002abc7b3a1af sp=0x000000adaeefdf28 mode 2

Classes redefined (0 events):
No events

Internal exceptions (20 events):
Event: 8.113 Thread 0x000002abc3fdc800 Exception <a 'java/lang/NoSuchMethodError'{0x000000008b799958}: 'java.lang.Object java.lang.invoke.DirectMethodHandle$Holder.invokeStaticInit(java.lang.Object, java.lang.Object, java.lang.Object)'> (0x000000008b799958) thrown at [./src/hotspot/share/interpreter/linkResolver.cpp, line 773]
Event: 9.803 Thread 0x000002abc3fdc800 Exception <a 'java/lang/NoSuchMethodError'{0x0000000088f63e90}: 'java.lang.Object java.lang.invoke.DirectMethodHandle$Holder.invokeStatic(java.lang.Object, int, java.lang.Object, java.lang.Object)'> (0x0000000088f63e90) thrown at [./src/hotspot/share/interpreter/linkResolver.cpp, line 773]
Event: 9.805 Thread 0x000002abc3fdc800 Exception <a 'java/lang/NoSuchMethodError'{0x0000000088f6e380}: 'int java.lang.invoke.DirectMethodHandle$Holder.invokeInterface(java.lang.Object, java.lang.Object)'> (0x0000000088f6e380) thrown at [./src/hotspot/share/interpreter/linkResolver.cpp, line 773]
Event: 10.365 Thread 0x000002abc3fdc800 Exception <a 'java/lang/NoSuchMethodError'{0x000000008aa84ac8}: 'java.lang.Object java.lang.invoke.Invokers$Holder.linkToTargetMethod(java.lang.Object, java.lang.Object, java.lang.Object, java.lang.Object, java.lang.Object, java.lang.Object)'> (0x000000008aa84ac8) thrown at [./src/hotspot/share/interpreter/linkResolver.cpp, line 773]
Event: 10.437 Thread 0x000002abc3fdc800 Implicit null exception at 0x000002abcf6d0c4c to 0x000002abcf6d0d28
Event: 10.740 Thread 0x000002abc3fdc800 Implicit null exception at 0x000002abcf60d3de to 0x000002abcf60db4a
Event: 10.740 Thread 0x000002abc3fdc800 Implicit null exception at 0x000002abcf5e992f to 0x000002abcf5e999d
Event: 10.852 Thread 0x000002abc3fdc800 Exception <a 'java/lang/NoSuchMethodError'{0x000000008a04c550}: 'java.lang.Object java.lang.invoke.Invokers$Holder.linkToTargetMethod(java.lang.Object, java.lang.Object, java.lang.Object, java.lang.Object, java.lang.Object, java.lang.Object, java.lang.Object)'> (0x000000008a04c550) thrown at [./src/hotspot/share/interpreter/linkResolver.cpp, line 773]
Event: 11.070 Thread 0x000002abc3fdc800 Exception <a 'java/lang/NoSuchMethodError'{0x0000000089c9ac18}: 'java.lang.Object java.lang.invoke.Invokers$Holder.linkToTargetMethod(java.lang.Object, java.lang.Object, java.lang.Object, int, int, java.lang.Object)'> (0x0000000089c9ac18) thrown at [./src/hotspot/share/interpreter/linkResolver.cpp, line 773]
Event: 11.081 Thread 0x000002abc3fdc800 Exception <a 'java/lang/NoSuchMethodError'{0x0000000089cba820}: 'java.lang.Object java.lang.invoke.DirectMethodHandle$Holder.invokeInterface(java.lang.Object, java.lang.Object, java.lang.Object)'> (0x0000000089cba820) thrown at [./src/hotspot/share/interpreter/linkResolver.cpp, line 773]
Event: 11.081 Thread 0x000002abc3fdc800 Exception <a 'java/lang/IncompatibleClassChangeError'{0x0000000089cbda50}: Found class java.lang.Object, but interface was expected> (0x0000000089cbda50) thrown at [./src/hotspot/share/interpreter/linkResolver.cpp, line 839]
Event: 11.128 Thread 0x000002abc3fdc800 Implicit null exception at 0x000002abcf7f5bfc to 0x000002abcf7f655c
Event: 11.613 Thread 0x000002abc3fdc800 Exception <a 'java/lang/NoSuchMethodError'{0x00000000895f40a8}: 'int java.lang.invoke.DirectMethodHandle$Holder.invokeVirtual(java.lang.Object, java.lang.Object, java.lang.Object)'> (0x00000000895f40a8) thrown at [./src/hotspot/share/interpreter/linkResolver.cpp, line 773]
Event: 11.781 Thread 0x000002abc3fdc800 Exception <a 'java/lang/NoSuchMethodError'{0x00000000891d6360}: 'java.lang.Object java.lang.invoke.DirectMethodHandle$Holder.invokeSpecial(java.lang.Object, java.lang.Object, java.lang.Object, java.lang.Object, java.lang.Object, int)'> (0x00000000891d6360) thrown at [./src/hotspot/share/interpreter/linkResolver.cpp, line 773]
Event: 11.782 Thread 0x000002abc3fdc800 Exception <a 'java/lang/NoSuchMethodError'{0x00000000891da1a8}: 'java.lang.Object java.lang.invoke.Invokers$Holder.linkToTargetMethod(java.lang.Object, java.lang.Object, java.lang.Object, int, java.lang.Object)'> (0x00000000891da1a8) thrown at [./src/hotspot/share/interpreter/linkResolver.cpp, line 773]
Event: 11.888 Thread 0x000002abc3fdc800 Exception <a 'java/lang/NoSuchMethodError'{0x0000000088f927d8}: 'void java.lang.invoke.DirectMethodHandle$Holder.invokeInterface(java.lang.Object, java.lang.Object)'> (0x0000000088f927d8) thrown at [./src/hotspot/share/interpreter/linkResolver.cpp, line 773]
Event: 12.014 Thread 0x000002abc3fdc800 Exception <a 'java/lang/IncompatibleClassChangeError'{0x0000000088d84a80}: Found class java.lang.Object, but interface was expected> (0x0000000088d84a80) thrown at [./src/hotspot/share/interpreter/linkResolver.cpp, line 839]
Event: 13.151 Thread 0x000002abc3fdc800 Exception <a 'java/lang/NoSuchMethodError'{0x0000000087a780f0}: 'int java.lang.invoke.DirectMethodHandle$Holder.invokeStaticInit(java.lang.Object, int)'> (0x0000000087a780f0) thrown at [./src/hotspot/share/interpreter/linkResolver.cpp, line 773]
Event: 13.622 Thread 0x000002abc3fdc800 Implicit null exception at 0x000002abcf6082f5 to 0x000002abcf6084bc
Event: 14.068 Thread 0x000002abc3fdc800 Exception <a 'java/lang/NoSuchMethodError'{0x000000008ac71ac8}: 'java.lang.Object java.lang.invoke.DirectMethodHandle$Holder.invokeStaticInit(java.lang.Object, java.lang.Object, java.lang.Object, java.lang.Object)'> (0x000000008ac71ac8) thrown at [./src/hotspot/share/interpreter/linkResolver.cpp, line 773]

Events (20 events):
Event: 14.417 loading class org/jetbrains/kotlin/ir/builders/TranslationPluginContext
Event: 14.417 loading class org/jetbrains/kotlin/ir/builders/TranslationPluginContext done
Event: 14.417 loading class org/jetbrains/kotlin/ir/backend/jvm/serialization/JvmIrLinker
Event: 14.417 loading class org/jetbrains/kotlin/ir/backend/jvm/serialization/JvmIrLinker done
Event: 14.418 loading class org/jetbrains/kotlin/backend/common/serialization/KotlinIrLinker
Event: 14.418 loading class org/jetbrains/kotlin/backend/common/serialization/KotlinIrLinker done
Event: 14.419 loading class org/jetbrains/kotlin/backend/common/overrides/FileLocalAwareLinker
Event: 14.419 loading class org/jetbrains/kotlin/backend/common/overrides/FileLocalAwareLinker done
Event: 14.419 loading class org/jetbrains/kotlin/ir/linkage/IrDeserializer
Event: 14.419 loading class org/jetbrains/kotlin/ir/linkage/IrDeserializer done
Event: 14.420 loading class org/jetbrains/kotlin/backend/common/serialization/linkerissues/IrSymbolTypeMismatchException
Event: 14.420 loading class org/jetbrains/kotlin/backend/common/serialization/linkerissues/IrSymbolTypeMismatchException done
Event: 14.420 loading class org/jetbrains/kotlin/backend/common/serialization/linkerissues/IrDeserializationException
Event: 14.420 loading class org/jetbrains/kotlin/backend/common/serialization/linkerissues/IrDeserializationException done
Event: 14.421 loading class org/jetbrains/kotlin/ir/linkage/KotlinIrLinkerInternalException
Event: 14.421 loading class org/jetbrains/kotlin/ir/linkage/KotlinIrLinkerInternalException done
Event: 14.422 loading class org/jetbrains/kotlin/backend/jvm/JvmIrTypeSystemContext
Event: 14.422 loading class org/jetbrains/kotlin/backend/jvm/JvmIrTypeSystemContext done
Event: 14.423 loading class org/jetbrains/kotlin/ir/types/IrTypeSystemContext
Event: 14.423 loading class org/jetbrains/kotlin/ir/types/IrTypeSystemContext done


Dynamic libraries:
0x00007ff685740000 - 0x00007ff68574a000 	C:\Users\admin\AppData\Local\JetBrains\Toolbox\apps\AndroidStudio\ch-0\212.5712.43.2112.8609683\jre\bin\java.exe
0x00007ffe6c8f0000 - 0x00007ffe6cae8000 	C:\WINDOWS\SYSTEM32\ntdll.dll
0x00007ffe6aed0000 - 0x00007ffe6af8d000 	C:\WINDOWS\System32\KERNEL32.DLL
0x00007ffe6a010000 - 0x00007ffe6a2de000 	C:\WINDOWS\System32\KERNELBASE.dll
0x00007ffe6a800000 - 0x00007ffe6a900000 	C:\WINDOWS\System32\ucrtbase.dll
0x00007ffe5f9b0000 - 0x00007ffe5f9c7000 	C:\Users\admin\AppData\Local\JetBrains\Toolbox\apps\AndroidStudio\ch-0\212.5712.43.2112.8609683\jre\bin\VCRUNTIME140.dll
0x00007ffe5f9d0000 - 0x00007ffe5f9e9000 	C:\Users\admin\AppData\Local\JetBrains\Toolbox\apps\AndroidStudio\ch-0\212.5712.43.2112.8609683\jre\bin\jli.dll
0x00007ffe6c680000 - 0x00007ffe6c820000 	C:\WINDOWS\System32\USER32.dll
0x00007ffe57130000 - 0x00007ffe573ca000 	C:\WINDOWS\WinSxS\amd64_microsoft.windows.common-controls_6595b64144ccf1df_6.0.19041.1110_none_60b5254171f9507e\COMCTL32.dll
0x00007ffe6a2e0000 - 0x00007ffe6a302000 	C:\WINDOWS\System32\win32u.dll
0x00007ffe6af90000 - 0x00007ffe6b02e000 	C:\WINDOWS\System32\msvcrt.dll
0x00007ffe6c820000 - 0x00007ffe6c84a000 	C:\WINDOWS\System32\GDI32.dll
0x00007ffe6a540000 - 0x00007ffe6a64b000 	C:\WINDOWS\System32\gdi32full.dll
0x00007ffe6a340000 - 0x00007ffe6a3dd000 	C:\WINDOWS\System32\msvcp_win.dll
0x00007ffe6b390000 - 0x00007ffe6b3c0000 	C:\WINDOWS\System32\IMM32.DLL
0x00007ffe4b3c0000 - 0x00007ffe4b45d000 	C:\Users\admin\AppData\Local\JetBrains\Toolbox\apps\AndroidStudio\ch-0\212.5712.43.2112.8609683\jre\bin\msvcp140.dll
0x00007ffde8fd0000 - 0x00007ffde9ab5000 	C:\Users\admin\AppData\Local\JetBrains\Toolbox\apps\AndroidStudio\ch-0\212.5712.43.2112.8609683\jre\bin\server\jvm.dll
0x00007ffe6c1f0000 - 0x00007ffe6c29e000 	C:\WINDOWS\System32\ADVAPI32.dll
0x00007ffe6c500000 - 0x00007ffe6c59c000 	C:\WINDOWS\System32\sechost.dll
0x00007ffe6b3c0000 - 0x00007ffe6b4e5000 	C:\WINDOWS\System32\RPCRT4.dll
0x00007ffe6b4f0000 - 0x00007ffe6b4f8000 	C:\WINDOWS\System32\PSAPI.DLL
0x00007ffe67810000 - 0x00007ffe6781a000 	C:\WINDOWS\SYSTEM32\VERSION.dll
0x00007ffe58830000 - 0x00007ffe58839000 	C:\WINDOWS\SYSTEM32\WSOCK32.dll
0x00007ffe586a0000 - 0x00007ffe586c7000 	C:\WINDOWS\SYSTEM32\WINMM.dll
0x00007ffe6c120000 - 0x00007ffe6c18b000 	C:\WINDOWS\System32\WS2_32.dll
0x00007ffe67f10000 - 0x00007ffe67f22000 	C:\WINDOWS\SYSTEM32\kernel.appcore.dll
0x00007ffe58080000 - 0x00007ffe58091000 	C:\Users\admin\AppData\Local\JetBrains\Toolbox\apps\AndroidStudio\ch-0\212.5712.43.2112.8609683\jre\bin\verify.dll
0x00007ffe637e0000 - 0x00007ffe639c4000 	C:\WINDOWS\SYSTEM32\DBGHELP.DLL
0x00007ffe61bf0000 - 0x00007ffe61c1c000 	C:\WINDOWS\SYSTEM32\dbgcore.DLL
0x00007ffe6a6c0000 - 0x00007ffe6a742000 	C:\WINDOWS\System32\bcryptPrimitives.dll
0x00007ffe58050000 - 0x00007ffe58079000 	C:\Users\admin\AppData\Local\JetBrains\Toolbox\apps\AndroidStudio\ch-0\212.5712.43.2112.8609683\jre\bin\java.dll
0x00007ffe635b0000 - 0x00007ffe635bb000 	C:\Users\admin\AppData\Local\JetBrains\Toolbox\apps\AndroidStudio\ch-0\212.5712.43.2112.8609683\jre\bin\jimage.dll
0x00007ffe4e450000 - 0x00007ffe4e468000 	C:\Users\admin\AppData\Local\JetBrains\Toolbox\apps\AndroidStudio\ch-0\212.5712.43.2112.8609683\jre\bin\zip.dll
0x00007ffe6b590000 - 0x00007ffe6bcd4000 	C:\WINDOWS\System32\SHELL32.dll
0x00007ffe68110000 - 0x00007ffe688a4000 	C:\WINDOWS\SYSTEM32\windows.storage.dll
0x00007ffe6bce0000 - 0x00007ffe6c034000 	C:\WINDOWS\System32\combase.dll
0x00007ffe69a70000 - 0x00007ffe69aa0000 	C:\WINDOWS\SYSTEM32\Wldp.dll
0x00007ffe6c2a0000 - 0x00007ffe6c34d000 	C:\WINDOWS\System32\SHCORE.dll
0x00007ffe6c190000 - 0x00007ffe6c1e5000 	C:\WINDOWS\System32\shlwapi.dll
0x00007ffe69f50000 - 0x00007ffe69f6f000 	C:\WINDOWS\SYSTEM32\profapi.dll
0x00007ffe4e150000 - 0x00007ffe4e16a000 	C:\Users\admin\AppData\Local\JetBrains\Toolbox\apps\AndroidStudio\ch-0\212.5712.43.2112.8609683\jre\bin\net.dll
0x00007ffe61120000 - 0x00007ffe6122a000 	C:\WINDOWS\SYSTEM32\WINHTTP.dll
0x00007ffe697d0000 - 0x00007ffe6983a000 	C:\WINDOWS\system32\mswsock.dll
0x00007ffe4df30000 - 0x00007ffe4df44000 	C:\Users\admin\AppData\Local\JetBrains\Toolbox\apps\AndroidStudio\ch-0\212.5712.43.2112.8609683\jre\bin\nio.dll

dbghelp: loaded successfully - version: 4.0.5 - missing functions: none
symbol engine: initialized successfully - sym options: 0x614 - pdb path: .;C:\Users\admin\AppData\Local\JetBrains\Toolbox\apps\AndroidStudio\ch-0\212.5712.43.2112.8609683\jre\bin;C:\WINDOWS\SYSTEM32;C:\WINDOWS\WinSxS\amd64_microsoft.windows.common-controls_6595b64144ccf1df_6.0.19041.1110_none_60b5254171f9507e;C:\Users\admin\AppData\Local\JetBrains\Toolbox\apps\AndroidStudio\ch-0\212.5712.43.2112.8609683\jre\bin\server

VM Arguments:
java_command: org.jetbrains.kotlin.cli.jvm.K2JVMCompiler @C:\Users\admin\AndroidStudioProjects\ConsolatasAppartments\app\build\20220812_6763336859003498310.compiler.options
java_class_path (initial): C:\Users\admin\.gradle\caches\modules-2\files-2.1\org.jetbrains.kotlin\kotlin-compiler-embeddable\1.6.10\88f2073f4020cdb83132cfe940ceb9a60aba54ea\kotlin-compiler-embeddable-1.6.10.jar;C:\Users\admin\.gradle\caches\modules-2\files-2.1\org.jetbrains.kotlin\kotlin-reflect\1.6.10\1cbe9c92c12a94eea200d23c2bbaedaf3daf5132\kotlin-reflect-1.6.10.jar;C:\Users\admin\.gradle\caches\modules-2\files-2.1\org.jetbrains.kotlin\kotlin-stdlib\1.6.10\b8af3fe6f1ca88526914929add63cf5e7c5049af\kotlin-stdlib-1.6.10.jar;C:\Users\admin\.gradle\caches\modules-2\files-2.1\org.jetbrains.kotlin\kotlin-script-runtime\1.6.10\d0a7ff2e2500ef497ed0214ae40ad3c8387a6164\kotlin-script-runtime-1.6.10.jar;C:\Users\admin\.gradle\caches\modules-2\files-2.1\org.jetbrains.kotlin\kotlin-daemon-embeddable\1.6.10\a56d79bcbea411fa6058e4ecffc2de73e742bd2a\kotlin-daemon-embeddable-1.6.10.jar;C:\Users\admin\.gradle\caches\modules-2\files-2.1\org.jetbrains.intellij.deps\trove4j\1.0.20181211\216c2e14b070f334479d800987affe4054cd563f\trove4j-1.0.20181211.jar;C:\Users\admin\.gradle\caches\modules-2\files-2.1\net.java.dev.jna\jna\5.6.0\330f2244e9030119ab3030fc3fededc86713d9cc\jna-5.6.0.jar;C:\Users\admin\.gradle\caches\modules-2\files-2.1\org.jetbrains\annotations\13.0\919f0dfe192fb4e063e7dacadee7f8bb9a2672a9\annotations-13.0.jar;C:\Users\admin\.gradle\caches\modules-2\files-2.1\org.jetbrains.kotlin\kotlin-stdlib-common\1.6.10\c118700e3a33c8a0d9adc920e9dec0831171925\kotlin-stdlib-common-1.6.10.jar
Launcher Type: SUN_STANDARD

[Global flags]
     intx CICompilerCount                          = 3                                         {product} {ergonomic}
     uint ConcGCThreads                            = 1                                         {product} {ergonomic}
     uint G1ConcRefinementThreads                  = 4                                         {product} {ergonomic}
   size_t G1HeapRegionSize                         = 1048576                                   {product} {ergonomic}
    uintx GCDrainStackTargetSize                   = 64                                        {product} {ergonomic}
   size_t InitialHeapSize                          = 134217728                                 {product} {ergonomic}
   size_t MarkStackSize                            = 4194304                                   {product} {ergonomic}
   size_t MaxHeapSize                              = 2116026368                                {product} {ergonomic}
   size_t MaxNewSize                               = 1268776960                                {product} {ergonomic}
   size_t MinHeapDeltaBytes                        = 1048576                                   {product} {ergonomic}
    uintx NonNMethodCodeHeapSize                   = 5830732                                {pd product} {ergonomic}
    uintx NonProfiledCodeHeapSize                  = 122913754                              {pd product} {ergonomic}
    uintx ProfiledCodeHeapSize                     = 122913754                              {pd product} {ergonomic}
    uintx ReservedCodeCacheSize                    = 251658240                              {pd product} {ergonomic}
     bool SegmentedCodeCache                       = true                                      {product} {ergonomic}
     bool UseCompressedClassPointers               = true                                 {lp64_product} {ergonomic}
     bool UseCompressedOops                        = true                                 {lp64_product} {ergonomic}
     bool UseG1GC                                  = true                                      {product} {ergonomic}
     bool UseLargePagesIndividualAllocation        = false                                  {pd product} {ergonomic}

Logging:
Log output configuration:
 #0: stdout all=warning uptime,level,tags
 #1: stderr all=off uptime,level,tags

Environment Variables:
PATH=C:\WINDOWS\system32;C:\WINDOWS;C:\WINDOWS\System32\Wbem;C:\WINDOWS\System32\WindowsPowerShell\v1.0\;C:\WINDOWS\System32\OpenSSH\;C:\Program Files\Git\cmd;C:\Users\admin\AppData\Local\Microsoft\WindowsApps;C:\Program Files\JetBrains\PhpStorm 2022.1.1\bin;C:\Users\admin\AppData\Local\JetBrains\Toolbox\scripts
USERNAME=Cess
OS=Windows_NT
PROCESSOR_IDENTIFIER=Intel64 Family 6 Model 61 Stepping 4, GenuineIntel



---------------  S Y S T E M  ---------------

OS: Windows 10 , 64 bit Build 19041 (10.0.19041.1806)
OS uptime: 9 days 21:18 hours

CPU:total 4 (initial active 4) (2 cores per cpu, 2 threads per core) family 6 model 61 stepping 4 microcode 0x2d, cmov, cx8, fxsr, mmx, sse, sse2, sse3, ssse3, sse4.1, sse4.2, popcnt, avx, avx2, aes, clmul, erms, rtm, 3dnowpref, lzcnt, ht, tsc, tscinvbit, bmi1, bmi2, adx, fma

Memory: 4k page, system-wide physical 8067M (664M free)
TotalPageFile size 14773M (AvailPageFile size 5M)
current process WorkingSet (physical memory assigned to process): 342M, peak: 342M
current process commit charge ("private bytes"): 395M, peak: 396M

vm_info: OpenJDK 64-Bit Server VM (11.0.12+7-b1504.28-7817840) for windows-amd64 JRE (11.0.12+7-b1504.28-7817840), built on Oct 13 2021 22:12:33 by "builder" with MS VC++ 14.0 (VS2015)

END.
